{"C:\\Users\\atiks\\Downloads\\STAC-IT\\STAC-IT\\FirebaseConfig.ts": {"path":"C:\\Users\\atiks\\Downloads\\STAC-IT\\STAC-IT\\FirebaseConfig.ts","statementMap":{"0":{"start":{"line":10,"column":23},"end":{"line":17,"column":1}},"1":{"start":{"line":20,"column":28},"end":{"line":20,"column":57}},"2":{"start":{"line":21,"column":29},"end":{"line":21,"column":50}},"3":{"start":{"line":22,"column":27},"end":{"line":22,"column":53}}},"fnMap":{},"branchMap":{},"s":{"0":1,"1":1,"2":1,"3":1},"f":{},"b":{},"_coverageSchema":"1a1c01bbd47fc00a2c39e90264f33305004495a9","hash":"f2268e0c493b5508de9c6ed06d03409535472710"}
,"C:\\Users\\atiks\\Downloads\\STAC-IT\\STAC-IT\\src\\components\\StacForm.tsx": {"path":"C:\\Users\\atiks\\Downloads\\STAC-IT\\STAC-IT\\src\\components\\StacForm.tsx","statementMap":{"0":{"start":{"line":85,"column":20},"end":{"line":136,"column":1}},"1":{"start":{"line":138,"column":25},"end":{"line":147,"column":1}},"2":{"start":{"line":149,"column":42},"end":{"line":1183,"column":1}},"3":{"start":{"line":163,"column":36},"end":{"line":163,"column":61}},"4":{"start":{"line":164,"column":28},"end":{"line":164,"column":49}},"5":{"start":{"line":165,"column":38},"end":{"line":165,"column":77}},"6":{"start":{"line":166,"column":34},"end":{"line":166,"column":71}},"7":{"start":{"line":167,"column":28},"end":{"line":167,"column":49}},"8":{"start":{"line":168,"column":30},"end":{"line":168,"column":52}},"9":{"start":{"line":169,"column":40},"end":{"line":169,"column":67}},"10":{"start":{"line":170,"column":48},"end":{"line":170,"column":79}},"11":{"start":{"line":171,"column":48},"end":{"line":171,"column":63}},"12":{"start":{"line":172,"column":36},"end":{"line":172,"column":56}},"13":{"start":{"line":173,"column":38},"end":{"line":173,"column":53}},"14":{"start":{"line":174,"column":52},"end":{"line":174,"column":67}},"15":{"start":{"line":176,"column":27},"end":{"line":185,"column":5}},"16":{"start":{"line":177,"column":8},"end":{"line":177,"column":35}},"17":{"start":{"line":177,"column":24},"end":{"line":177,"column":35}},"18":{"start":{"line":179,"column":8},"end":{"line":184,"column":9}},"19":{"start":{"line":187,"column":46},"end":{"line":187,"column":58}},"20":{"start":{"line":188,"column":60},"end":{"line":188,"column":75}},"21":{"start":{"line":189,"column":44},"end":{"line":189,"column":56}},"22":{"start":{"line":190,"column":42},"end":{"line":190,"column":64}},"23":{"start":{"line":191,"column":34},"end":{"line":191,"column":72}},"24":{"start":{"line":192,"column":50},"end":{"line":192,"column":88}},"25":{"start":{"line":193,"column":44},"end":{"line":193,"column":80}},"26":{"start":{"line":194,"column":38},"end":{"line":194,"column":74}},"27":{"start":{"line":195,"column":54},"end":{"line":195,"column":90}},"28":{"start":{"line":198,"column":48},"end":{"line":202,"column":6}},"29":{"start":{"line":204,"column":44},"end":{"line":208,"column":6}},"30":{"start":{"line":211,"column":25},"end":{"line":211,"column":48}},"31":{"start":{"line":212,"column":27},"end":{"line":212,"column":50}},"32":{"start":{"line":213,"column":23},"end":{"line":213,"column":46}},"33":{"start":{"line":214,"column":25},"end":{"line":214,"column":48}},"34":{"start":{"line":216,"column":4},"end":{"line":248,"column":17}},"35":{"start":{"line":217,"column":8},"end":{"line":247,"column":9}},"36":{"start":{"line":218,"column":12},"end":{"line":218,"column":27}},"37":{"start":{"line":219,"column":12},"end":{"line":219,"column":31}},"38":{"start":{"line":220,"column":12},"end":{"line":220,"column":35}},"39":{"start":{"line":221,"column":12},"end":{"line":221,"column":30}},"40":{"start":{"line":222,"column":12},"end":{"line":222,"column":28}},"41":{"start":{"line":223,"column":12},"end":{"line":223,"column":23}},"42":{"start":{"line":224,"column":12},"end":{"line":224,"column":24}},"43":{"start":{"line":225,"column":12},"end":{"line":225,"column":31}},"44":{"start":{"line":226,"column":12},"end":{"line":226,"column":33}},"45":{"start":{"line":227,"column":12},"end":{"line":227,"column":32}},"46":{"start":{"line":228,"column":12},"end":{"line":228,"column":26}},"47":{"start":{"line":229,"column":12},"end":{"line":229,"column":34}},"48":{"start":{"line":230,"column":12},"end":{"line":230,"column":30}},"49":{"start":{"line":231,"column":12},"end":{"line":231,"column":31}},"50":{"start":{"line":232,"column":12},"end":{"line":232,"column":28}},"51":{"start":{"line":233,"column":12},"end":{"line":233,"column":36}},"52":{"start":{"line":236,"column":12},"end":{"line":240,"column":14}},"53":{"start":{"line":242,"column":12},"end":{"line":246,"column":14}},"54":{"start":{"line":251,"column":4},"end":{"line":270,"column":24}},"55":{"start":{"line":252,"column":8},"end":{"line":269,"column":9}},"56":{"start":{"line":253,"column":28},"end":{"line":253,"column":38}},"57":{"start":{"line":254,"column":24},"end":{"line":254,"column":64}},"58":{"start":{"line":257,"column":12},"end":{"line":261,"column":13}},"59":{"start":{"line":258,"column":16},"end":{"line":258,"column":27}},"60":{"start":{"line":259,"column":19},"end":{"line":261,"column":13}},"61":{"start":{"line":260,"column":16},"end":{"line":260,"column":25}},"62":{"start":{"line":263,"column":12},"end":{"line":263,"column":35}},"63":{"start":{"line":264,"column":12},"end":{"line":264,"column":74}},"64":{"start":{"line":265,"column":12},"end":{"line":265,"column":33}},"65":{"start":{"line":268,"column":12},"end":{"line":268,"column":30}},"66":{"start":{"line":272,"column":4},"end":{"line":296,"column":22}},"67":{"start":{"line":273,"column":8},"end":{"line":295,"column":9}},"68":{"start":{"line":274,"column":28},"end":{"line":274,"column":38}},"69":{"start":{"line":275,"column":24},"end":{"line":275,"column":62}},"70":{"start":{"line":278,"column":12},"end":{"line":282,"column":13}},"71":{"start":{"line":279,"column":16},"end":{"line":279,"column":27}},"72":{"start":{"line":280,"column":19},"end":{"line":282,"column":13}},"73":{"start":{"line":281,"column":16},"end":{"line":281,"column":25}},"74":{"start":{"line":284,"column":12},"end":{"line":284,"column":35}},"75":{"start":{"line":285,"column":12},"end":{"line":285,"column":72}},"76":{"start":{"line":286,"column":12},"end":{"line":286,"column":31}},"77":{"start":{"line":289,"column":12},"end":{"line":291,"column":13}},"78":{"start":{"line":290,"column":16},"end":{"line":290,"column":35}},"79":{"start":{"line":294,"column":12},"end":{"line":294,"column":28}},"80":{"start":{"line":299,"column":24},"end":{"line":299,"column":47}},"81":{"start":{"line":300,"column":20},"end":{"line":300,"column":43}},"82":{"start":{"line":301,"column":21},"end":{"line":301,"column":44}},"83":{"start":{"line":302,"column":25},"end":{"line":302,"column":60}},"84":{"start":{"line":303,"column":30},"end":{"line":303,"column":53}},"85":{"start":{"line":305,"column":26},"end":{"line":305,"column":50}},"86":{"start":{"line":307,"column":23},"end":{"line":314,"column":5}},"87":{"start":{"line":308,"column":8},"end":{"line":308,"column":39}},"88":{"start":{"line":308,"column":19},"end":{"line":308,"column":39}},"89":{"start":{"line":309,"column":22},"end":{"line":309,"column":37}},"90":{"start":{"line":310,"column":24},"end":{"line":310,"column":41}},"91":{"start":{"line":311,"column":21},"end":{"line":311,"column":46}},"92":{"start":{"line":312,"column":31},"end":{"line":312,"column":47}},"93":{"start":{"line":313,"column":8},"end":{"line":313,"column":80}},"94":{"start":{"line":316,"column":28},"end":{"line":322,"column":5}},"95":{"start":{"line":317,"column":8},"end":{"line":320,"column":9}},"96":{"start":{"line":318,"column":12},"end":{"line":318,"column":79}},"97":{"start":{"line":319,"column":12},"end":{"line":319,"column":24}},"98":{"start":{"line":321,"column":8},"end":{"line":321,"column":19}},"99":{"start":{"line":324,"column":31},"end":{"line":367,"column":5}},"100":{"start":{"line":325,"column":8},"end":{"line":366,"column":9}},"101":{"start":{"line":326,"column":32},"end":{"line":326,"column":47}},"102":{"start":{"line":327,"column":12},"end":{"line":329,"column":13}},"103":{"start":{"line":328,"column":16},"end":{"line":328,"column":65}},"104":{"start":{"line":330,"column":29},"end":{"line":330,"column":106}},"105":{"start":{"line":332,"column":42},"end":{"line":332,"column":44}},"106":{"start":{"line":333,"column":54},"end":{"line":333,"column":56}},"107":{"start":{"line":334,"column":57},"end":{"line":334,"column":59}},"108":{"start":{"line":335,"column":54},"end":{"line":335,"column":56}},"109":{"start":{"line":336,"column":62},"end":{"line":336,"column":64}},"110":{"start":{"line":338,"column":12},"end":{"line":354,"column":14}},"111":{"start":{"line":339,"column":35},"end":{"line":339,"column":59}},"112":{"start":{"line":340,"column":16},"end":{"line":340,"column":44}},"113":{"start":{"line":341,"column":16},"end":{"line":341,"column":93}},"114":{"start":{"line":341,"column":81},"end":{"line":341,"column":92}},"115":{"start":{"line":343,"column":16},"end":{"line":348,"column":17}},"116":{"start":{"line":344,"column":20},"end":{"line":347,"column":21}},"117":{"start":{"line":350,"column":16},"end":{"line":353,"column":18}},"118":{"start":{"line":351,"column":20},"end":{"line":351,"column":75}},"119":{"start":{"line":352,"column":20},"end":{"line":352,"column":66}},"120":{"start":{"line":356,"column":12},"end":{"line":356,"column":87}},"121":{"start":{"line":358,"column":12},"end":{"line":358,"column":65}},"122":{"start":{"line":359,"column":12},"end":{"line":365,"column":13}},"123":{"start":{"line":369,"column":25},"end":{"line":386,"column":5}},"124":{"start":{"line":370,"column":8},"end":{"line":373,"column":9}},"125":{"start":{"line":371,"column":12},"end":{"line":371,"column":60}},"126":{"start":{"line":372,"column":12},"end":{"line":372,"column":24}},"127":{"start":{"line":375,"column":8},"end":{"line":378,"column":9}},"128":{"start":{"line":376,"column":12},"end":{"line":376,"column":79}},"129":{"start":{"line":377,"column":12},"end":{"line":377,"column":24}},"130":{"start":{"line":380,"column":8},"end":{"line":383,"column":9}},"131":{"start":{"line":381,"column":12},"end":{"line":381,"column":79}},"132":{"start":{"line":382,"column":12},"end":{"line":382,"column":24}},"133":{"start":{"line":385,"column":8},"end":{"line":385,"column":19}},"134":{"start":{"line":388,"column":29},"end":{"line":402,"column":5}},"135":{"start":{"line":389,"column":8},"end":{"line":401,"column":9}},"136":{"start":{"line":390,"column":29},"end":{"line":396,"column":13}},"137":{"start":{"line":397,"column":12},"end":{"line":397,"column":32}},"138":{"start":{"line":399,"column":12},"end":{"line":399,"column":32}},"139":{"start":{"line":400,"column":12},"end":{"line":400,"column":65}},"140":{"start":{"line":404,"column":30},"end":{"line":468,"column":5}},"141":{"start":{"line":405,"column":8},"end":{"line":405,"column":28}},"142":{"start":{"line":406,"column":8},"end":{"line":406,"column":26}},"143":{"start":{"line":408,"column":8},"end":{"line":411,"column":9}},"144":{"start":{"line":409,"column":12},"end":{"line":409,"column":31}},"145":{"start":{"line":410,"column":12},"end":{"line":410,"column":18}},"146":{"start":{"line":416,"column":28},"end":{"line":416,"column":80}},"147":{"start":{"line":416,"column":53},"end":{"line":416,"column":68}},"148":{"start":{"line":418,"column":21},"end":{"line":418,"column":46}},"149":{"start":{"line":419,"column":8},"end":{"line":467,"column":9}},"150":{"start":{"line":420,"column":12},"end":{"line":466,"column":13}},"151":{"start":{"line":421,"column":32},"end":{"line":421,"column":53}},"152":{"start":{"line":423,"column":16},"end":{"line":433,"column":18}},"153":{"start":{"line":435,"column":47},"end":{"line":446,"column":17}},"154":{"start":{"line":447,"column":33},"end":{"line":447,"column":66}},"155":{"start":{"line":450,"column":38},"end":{"line":450,"column":62}},"156":{"start":{"line":451,"column":35},"end":{"line":451,"column":68}},"157":{"start":{"line":452,"column":16},"end":{"line":452,"column":54}},"158":{"start":{"line":453,"column":16},"end":{"line":453,"column":46}},"159":{"start":{"line":454,"column":16},"end":{"line":454,"column":56}},"160":{"start":{"line":455,"column":16},"end":{"line":455,"column":50}},"161":{"start":{"line":456,"column":16},"end":{"line":456,"column":66}},"162":{"start":{"line":458,"column":16},"end":{"line":458,"column":47}},"163":{"start":{"line":459,"column":16},"end":{"line":459,"column":45}},"164":{"start":{"line":460,"column":16},"end":{"line":460,"column":25}},"165":{"start":{"line":462,"column":16},"end":{"line":462,"column":46}},"166":{"start":{"line":463,"column":16},"end":{"line":463,"column":61}},"167":{"start":{"line":465,"column":16},"end":{"line":465,"column":35}},"168":{"start":{"line":470,"column":24},"end":{"line":478,"column":5}},"169":{"start":{"line":471,"column":8},"end":{"line":477,"column":9}},"170":{"start":{"line":472,"column":38},"end":{"line":472,"column":86}},"171":{"start":{"line":472,"column":75},"end":{"line":472,"column":85}},"172":{"start":{"line":473,"column":12},"end":{"line":473,"column":68}},"173":{"start":{"line":475,"column":12},"end":{"line":475,"column":59}},"174":{"start":{"line":476,"column":12},"end":{"line":476,"column":55}},"175":{"start":{"line":480,"column":27},"end":{"line":535,"column":5}},"176":{"start":{"line":481,"column":21},"end":{"line":481,"column":46}},"177":{"start":{"line":482,"column":8},"end":{"line":485,"column":9}},"178":{"start":{"line":483,"column":12},"end":{"line":483,"column":77}},"179":{"start":{"line":484,"column":12},"end":{"line":484,"column":18}},"180":{"start":{"line":487,"column":58},"end":{"line":487,"column":60}},"181":{"start":{"line":488,"column":8},"end":{"line":492,"column":10}},"182":{"start":{"line":489,"column":12},"end":{"line":491,"column":13}},"183":{"start":{"line":490,"column":16},"end":{"line":490,"column":73}},"184":{"start":{"line":494,"column":8},"end":{"line":497,"column":9}},"185":{"start":{"line":495,"column":12},"end":{"line":495,"column":92}},"186":{"start":{"line":496,"column":12},"end":{"line":496,"column":18}},"187":{"start":{"line":499,"column":120},"end":{"line":499,"column":122}},"188":{"start":{"line":500,"column":8},"end":{"line":508,"column":10}},"189":{"start":{"line":501,"column":12},"end":{"line":507,"column":13}},"190":{"start":{"line":502,"column":16},"end":{"line":506,"column":19}},"191":{"start":{"line":502,"column":99},"end":{"line":506,"column":17}},"192":{"start":{"line":510,"column":8},"end":{"line":534,"column":9}},"193":{"start":{"line":511,"column":28},"end":{"line":511,"column":49}},"194":{"start":{"line":512,"column":34},"end":{"line":525,"column":13}},"195":{"start":{"line":527,"column":12},"end":{"line":527,"column":76}},"196":{"start":{"line":528,"column":12},"end":{"line":528,"column":42}},"197":{"start":{"line":529,"column":12},"end":{"line":529,"column":40}},"198":{"start":{"line":529,"column":28},"end":{"line":529,"column":40}},"199":{"start":{"line":530,"column":12},"end":{"line":530,"column":39}},"200":{"start":{"line":532,"column":12},"end":{"line":532,"column":58}},"201":{"start":{"line":533,"column":12},"end":{"line":533,"column":59}},"202":{"start":{"line":537,"column":25},"end":{"line":541,"column":5}},"203":{"start":{"line":538,"column":28},"end":{"line":538,"column":48}},"204":{"start":{"line":539,"column":8},"end":{"line":539,"column":32}},"205":{"start":{"line":540,"column":8},"end":{"line":540,"column":28}},"206":{"start":{"line":543,"column":24},"end":{"line":545,"column":5}},"207":{"start":{"line":544,"column":8},"end":{"line":544,"column":42}},"208":{"start":{"line":547,"column":27},"end":{"line":551,"column":5}},"209":{"start":{"line":548,"column":8},"end":{"line":548,"column":31}},"210":{"start":{"line":548,"column":25},"end":{"line":548,"column":31}},"211":{"start":{"line":549,"column":30},"end":{"line":549,"column":70}},"212":{"start":{"line":549,"column":58},"end":{"line":549,"column":69}},"213":{"start":{"line":550,"column":8},"end":{"line":550,"column":36}},"214":{"start":{"line":553,"column":27},"end":{"line":557,"column":5}},"215":{"start":{"line":554,"column":30},"end":{"line":554,"column":45}},"216":{"start":{"line":555,"column":8},"end":{"line":555,"column":35}},"217":{"start":{"line":556,"column":8},"end":{"line":556,"column":36}},"218":{"start":{"line":559,"column":26},"end":{"line":605,"column":5}},"219":{"start":{"line":560,"column":8},"end":{"line":563,"column":9}},"220":{"start":{"line":561,"column":12},"end":{"line":561,"column":89}},"221":{"start":{"line":562,"column":12},"end":{"line":562,"column":18}},"222":{"start":{"line":565,"column":8},"end":{"line":565,"column":26}},"223":{"start":{"line":566,"column":8},"end":{"line":604,"column":9}},"224":{"start":{"line":567,"column":34},"end":{"line":570,"column":27}},"225":{"start":{"line":568,"column":34},"end":{"line":568,"column":66}},"226":{"start":{"line":569,"column":31},"end":{"line":569,"column":77}},"227":{"start":{"line":572,"column":31},"end":{"line":572,"column":83}},"228":{"start":{"line":572,"column":56},"end":{"line":572,"column":71}},"229":{"start":{"line":573,"column":33},"end":{"line":573,"column":106}},"230":{"start":{"line":575,"column":43},"end":{"line":586,"column":13}},"231":{"start":{"line":587,"column":29},"end":{"line":587,"column":62}},"232":{"start":{"line":590,"column":34},"end":{"line":590,"column":58}},"233":{"start":{"line":591,"column":31},"end":{"line":591,"column":64}},"234":{"start":{"line":592,"column":12},"end":{"line":592,"column":50}},"235":{"start":{"line":593,"column":12},"end":{"line":593,"column":42}},"236":{"start":{"line":594,"column":12},"end":{"line":594,"column":52}},"237":{"start":{"line":595,"column":12},"end":{"line":595,"column":46}},"238":{"start":{"line":596,"column":12},"end":{"line":596,"column":62}},"239":{"start":{"line":598,"column":12},"end":{"line":598,"column":43}},"240":{"start":{"line":600,"column":12},"end":{"line":600,"column":68}},"241":{"start":{"line":601,"column":12},"end":{"line":601,"column":69}},"242":{"start":{"line":603,"column":12},"end":{"line":603,"column":31}},"243":{"start":{"line":607,"column":25},"end":{"line":636,"column":5}},"244":{"start":{"line":608,"column":8},"end":{"line":635,"column":10}},"245":{"start":{"line":616,"column":20},"end":{"line":616,"column":50}},"246":{"start":{"line":617,"column":20},"end":{"line":617,"column":29}},"247":{"start":{"line":618,"column":20},"end":{"line":618,"column":35}},"248":{"start":{"line":619,"column":20},"end":{"line":619,"column":38}},"249":{"start":{"line":620,"column":20},"end":{"line":620,"column":36}},"250":{"start":{"line":621,"column":20},"end":{"line":621,"column":31}},"251":{"start":{"line":622,"column":20},"end":{"line":622,"column":32}},"252":{"start":{"line":623,"column":20},"end":{"line":623,"column":39}},"253":{"start":{"line":624,"column":20},"end":{"line":624,"column":41}},"254":{"start":{"line":625,"column":20},"end":{"line":625,"column":39}},"255":{"start":{"line":626,"column":20},"end":{"line":626,"column":40}},"256":{"start":{"line":627,"column":20},"end":{"line":627,"column":34}},"257":{"start":{"line":628,"column":20},"end":{"line":628,"column":42}},"258":{"start":{"line":629,"column":20},"end":{"line":629,"column":38}},"259":{"start":{"line":630,"column":20},"end":{"line":630,"column":39}},"260":{"start":{"line":631,"column":20},"end":{"line":631,"column":36}},"261":{"start":{"line":632,"column":20},"end":{"line":632,"column":44}},"262":{"start":{"line":638,"column":28},"end":{"line":640,"column":5}},"263":{"start":{"line":639,"column":8},"end":{"line":639,"column":26}},"264":{"start":{"line":643,"column":34},"end":{"line":682,"column":5}},"265":{"start":{"line":645,"column":8},"end":{"line":647,"column":9}},"266":{"start":{"line":646,"column":12},"end":{"line":646,"column":18}},"267":{"start":{"line":649,"column":8},"end":{"line":681,"column":9}},"268":{"start":{"line":651,"column":12},"end":{"line":653,"column":13}},"269":{"start":{"line":652,"column":16},"end":{"line":652,"column":22}},"270":{"start":{"line":655,"column":12},"end":{"line":669,"column":13}},"271":{"start":{"line":656,"column":16},"end":{"line":661,"column":19}},"272":{"start":{"line":656,"column":45},"end":{"line":661,"column":17}},"273":{"start":{"line":663,"column":16},"end":{"line":668,"column":19}},"274":{"start":{"line":663,"column":43},"end":{"line":668,"column":17}},"275":{"start":{"line":670,"column":15},"end":{"line":681,"column":9}},"276":{"start":{"line":672,"column":12},"end":{"line":674,"column":13}},"277":{"start":{"line":673,"column":16},"end":{"line":673,"column":22}},"278":{"start":{"line":676,"column":12},"end":{"line":680,"column":13}},"279":{"start":{"line":677,"column":16},"end":{"line":677,"column":73}},"280":{"start":{"line":677,"column":45},"end":{"line":677,"column":71}},"281":{"start":{"line":679,"column":16},"end":{"line":679,"column":71}},"282":{"start":{"line":679,"column":43},"end":{"line":679,"column":69}},"283":{"start":{"line":685,"column":31},"end":{"line":703,"column":5}},"284":{"start":{"line":686,"column":8},"end":{"line":702,"column":9}},"285":{"start":{"line":687,"column":12},"end":{"line":687,"column":62}},"286":{"start":{"line":687,"column":41},"end":{"line":687,"column":60}},"287":{"start":{"line":689,"column":12},"end":{"line":693,"column":19}},"288":{"start":{"line":690,"column":16},"end":{"line":692,"column":17}},"289":{"start":{"line":691,"column":20},"end":{"line":691,"column":39}},"290":{"start":{"line":695,"column":12},"end":{"line":695,"column":60}},"291":{"start":{"line":695,"column":39},"end":{"line":695,"column":58}},"292":{"start":{"line":697,"column":12},"end":{"line":701,"column":19}},"293":{"start":{"line":698,"column":16},"end":{"line":700,"column":17}},"294":{"start":{"line":699,"column":20},"end":{"line":699,"column":39}},"295":{"start":{"line":706,"column":32},"end":{"line":723,"column":5}},"296":{"start":{"line":707,"column":8},"end":{"line":719,"column":9}},"297":{"start":{"line":708,"column":12},"end":{"line":712,"column":13}},"298":{"start":{"line":709,"column":16},"end":{"line":709,"column":102}},"299":{"start":{"line":709,"column":45},"end":{"line":709,"column":100}},"300":{"start":{"line":710,"column":19},"end":{"line":712,"column":13}},"301":{"start":{"line":711,"column":16},"end":{"line":711,"column":106}},"302":{"start":{"line":711,"column":45},"end":{"line":711,"column":104}},"303":{"start":{"line":714,"column":12},"end":{"line":718,"column":13}},"304":{"start":{"line":715,"column":16},"end":{"line":715,"column":98}},"305":{"start":{"line":715,"column":43},"end":{"line":715,"column":96}},"306":{"start":{"line":716,"column":19},"end":{"line":718,"column":13}},"307":{"start":{"line":717,"column":16},"end":{"line":717,"column":102}},"308":{"start":{"line":717,"column":43},"end":{"line":717,"column":100}},"309":{"start":{"line":722,"column":8},"end":{"line":722,"column":27}},"310":{"start":{"line":726,"column":30},"end":{"line":734,"column":5}},"311":{"start":{"line":727,"column":8},"end":{"line":732,"column":9}},"312":{"start":{"line":728,"column":12},"end":{"line":731,"column":13}},"313":{"start":{"line":729,"column":16},"end":{"line":729,"column":83}},"314":{"start":{"line":730,"column":16},"end":{"line":730,"column":28}},"315":{"start":{"line":733,"column":8},"end":{"line":733,"column":19}},"316":{"start":{"line":737,"column":39},"end":{"line":742,"column":5}},"317":{"start":{"line":739,"column":8},"end":{"line":741,"column":9}},"318":{"start":{"line":740,"column":12},"end":{"line":740,"column":35}},"319":{"start":{"line":745,"column":29},"end":{"line":747,"column":5}},"320":{"start":{"line":746,"column":8},"end":{"line":746,"column":33}},"321":{"start":{"line":750,"column":25},"end":{"line":753,"column":5}},"322":{"start":{"line":751,"column":8},"end":{"line":751,"column":41}},"323":{"start":{"line":752,"column":8},"end":{"line":752,"column":34}},"324":{"start":{"line":755,"column":4},"end":{"line":1182,"column":5}},"325":{"start":{"line":781,"column":69},"end":{"line":781,"column":92}},"326":{"start":{"line":790,"column":62},"end":{"line":790,"column":86}},"327":{"start":{"line":795,"column":117},"end":{"line":795,"column":141}},"328":{"start":{"line":801,"column":60},"end":{"line":801,"column":77}},"329":{"start":{"line":802,"column":60},"end":{"line":802,"column":84}},"330":{"start":{"line":813,"column":56},"end":{"line":813,"column":99}},"331":{"start":{"line":813,"column":74},"end":{"line":813,"column":99}},"332":{"start":{"line":832,"column":73},"end":{"line":832,"column":118}},"333":{"start":{"line":833,"column":62},"end":{"line":833,"column":98}},"334":{"start":{"line":850,"column":73},"end":{"line":850,"column":120}},"335":{"start":{"line":851,"column":62},"end":{"line":851,"column":100}},"336":{"start":{"line":862,"column":63},"end":{"line":862,"column":96}},"337":{"start":{"line":877,"column":63},"end":{"line":877,"column":96}},"338":{"start":{"line":902,"column":73},"end":{"line":902,"column":116}},"339":{"start":{"line":903,"column":62},"end":{"line":903,"column":96}},"340":{"start":{"line":920,"column":73},"end":{"line":920,"column":118}},"341":{"start":{"line":921,"column":62},"end":{"line":921,"column":98}},"342":{"start":{"line":931,"column":63},"end":{"line":931,"column":94}},"343":{"start":{"line":945,"column":63},"end":{"line":945,"column":94}},"344":{"start":{"line":979,"column":40},"end":{"line":1006,"column":47}},"345":{"start":{"line":983,"column":52},"end":{"line":985,"column":53}},"346":{"start":{"line":984,"column":56},"end":{"line":984,"column":81}},"347":{"start":{"line":987,"column":52},"end":{"line":987,"column":85}},"348":{"start":{"line":993,"column":72},"end":{"line":993,"column":99}},"349":{"start":{"line":997,"column":81},"end":{"line":997,"column":102}},"350":{"start":{"line":1021,"column":62},"end":{"line":1021,"column":88}},"351":{"start":{"line":1026,"column":117},"end":{"line":1026,"column":143}},"352":{"start":{"line":1030,"column":117},"end":{"line":1030,"column":143}},"353":{"start":{"line":1036,"column":56},"end":{"line":1042,"column":75}},"354":{"start":{"line":1039,"column":75},"end":{"line":1039,"column":92}},"355":{"start":{"line":1045,"column":123},"end":{"line":1045,"column":139}},"356":{"start":{"line":1062,"column":44},"end":{"line":1062,"column":61}},"357":{"start":{"line":1063,"column":44},"end":{"line":1063,"column":53}},"358":{"start":{"line":1071,"column":44},"end":{"line":1071,"column":61}},"359":{"start":{"line":1072,"column":44},"end":{"line":1072,"column":63}},"360":{"start":{"line":1090,"column":38},"end":{"line":1090,"column":68}},"361":{"start":{"line":1100,"column":40},"end":{"line":1155,"column":47}},"362":{"start":{"line":1114,"column":52},"end":{"line":1150,"column":59}},"363":{"start":{"line":1118,"column":64},"end":{"line":1127,"column":66}},"364":{"start":{"line":1119,"column":84},"end":{"line":1119,"column":95}},"365":{"start":{"line":1120,"column":68},"end":{"line":1120,"column":118}},"366":{"start":{"line":1120,"column":94},"end":{"line":1120,"column":118}},"367":{"start":{"line":1121,"column":68},"end":{"line":1125,"column":69}},"368":{"start":{"line":1122,"column":72},"end":{"line":1122,"column":141}},"369":{"start":{"line":1122,"column":128},"end":{"line":1122,"column":140}},"370":{"start":{"line":1124,"column":72},"end":{"line":1124,"column":102}},"371":{"start":{"line":1126,"column":68},"end":{"line":1126,"column":82}},"372":{"start":{"line":1185,"column":15},"end":{"line":1536,"column":2}}},"fnMap":{"0":{"name":"(anonymous_0)","decl":{"start":{"line":149,"column":42},"end":{"line":149,"column":43}},"loc":{"start":{"line":162,"column":6},"end":{"line":1183,"column":1}},"line":162},"1":{"name":"(anonymous_1)","decl":{"start":{"line":176,"column":27},"end":{"line":176,"column":28}},"loc":{"start":{"line":176,"column":33},"end":{"line":185,"column":5}},"line":176},"2":{"name":"(anonymous_2)","decl":{"start":{"line":216,"column":14},"end":{"line":216,"column":15}},"loc":{"start":{"line":216,"column":20},"end":{"line":248,"column":5}},"line":216},"3":{"name":"(anonymous_3)","decl":{"start":{"line":251,"column":14},"end":{"line":251,"column":15}},"loc":{"start":{"line":251,"column":20},"end":{"line":270,"column":5}},"line":251},"4":{"name":"(anonymous_4)","decl":{"start":{"line":272,"column":14},"end":{"line":272,"column":15}},"loc":{"start":{"line":272,"column":20},"end":{"line":296,"column":5}},"line":272},"5":{"name":"(anonymous_5)","decl":{"start":{"line":307,"column":23},"end":{"line":307,"column":24}},"loc":{"start":{"line":307,"column":54},"end":{"line":314,"column":5}},"line":307},"6":{"name":"(anonymous_6)","decl":{"start":{"line":316,"column":28},"end":{"line":316,"column":29}},"loc":{"start":{"line":316,"column":52},"end":{"line":322,"column":5}},"line":316},"7":{"name":"(anonymous_7)","decl":{"start":{"line":324,"column":31},"end":{"line":324,"column":32}},"loc":{"start":{"line":324,"column":53},"end":{"line":367,"column":5}},"line":324},"8":{"name":"(anonymous_8)","decl":{"start":{"line":338,"column":41},"end":{"line":338,"column":42}},"loc":{"start":{"line":338,"column":65},"end":{"line":354,"column":13}},"line":338},"9":{"name":"(anonymous_9)","decl":{"start":{"line":341,"column":64},"end":{"line":341,"column":65}},"loc":{"start":{"line":341,"column":81},"end":{"line":341,"column":92}},"line":341},"10":{"name":"(anonymous_10)","decl":{"start":{"line":350,"column":46},"end":{"line":350,"column":47}},"loc":{"start":{"line":350,"column":63},"end":{"line":353,"column":17}},"line":350},"11":{"name":"(anonymous_11)","decl":{"start":{"line":369,"column":25},"end":{"line":369,"column":26}},"loc":{"start":{"line":369,"column":31},"end":{"line":386,"column":5}},"line":369},"12":{"name":"(anonymous_12)","decl":{"start":{"line":388,"column":29},"end":{"line":388,"column":30}},"loc":{"start":{"line":388,"column":61},"end":{"line":402,"column":5}},"line":388},"13":{"name":"(anonymous_13)","decl":{"start":{"line":404,"column":30},"end":{"line":404,"column":31}},"loc":{"start":{"line":404,"column":42},"end":{"line":468,"column":5}},"line":404},"14":{"name":"(anonymous_14)","decl":{"start":{"line":416,"column":46},"end":{"line":416,"column":47}},"loc":{"start":{"line":416,"column":53},"end":{"line":416,"column":68}},"line":416},"15":{"name":"(anonymous_15)","decl":{"start":{"line":470,"column":24},"end":{"line":470,"column":25}},"loc":{"start":{"line":470,"column":36},"end":{"line":478,"column":5}},"line":470},"16":{"name":"(anonymous_16)","decl":{"start":{"line":472,"column":66},"end":{"line":472,"column":67}},"loc":{"start":{"line":472,"column":75},"end":{"line":472,"column":85}},"line":472},"17":{"name":"(anonymous_17)","decl":{"start":{"line":480,"column":27},"end":{"line":480,"column":28}},"loc":{"start":{"line":480,"column":39},"end":{"line":535,"column":5}},"line":480},"18":{"name":"(anonymous_18)","decl":{"start":{"line":488,"column":28},"end":{"line":488,"column":29}},"loc":{"start":{"line":488,"column":44},"end":{"line":492,"column":9}},"line":488},"19":{"name":"(anonymous_19)","decl":{"start":{"line":500,"column":28},"end":{"line":500,"column":29}},"loc":{"start":{"line":500,"column":44},"end":{"line":508,"column":9}},"line":500},"20":{"name":"(anonymous_20)","decl":{"start":{"line":502,"column":86},"end":{"line":502,"column":87}},"loc":{"start":{"line":502,"column":99},"end":{"line":506,"column":17}},"line":502},"21":{"name":"(anonymous_21)","decl":{"start":{"line":537,"column":25},"end":{"line":537,"column":26}},"loc":{"start":{"line":537,"column":62},"end":{"line":541,"column":5}},"line":537},"22":{"name":"(anonymous_22)","decl":{"start":{"line":543,"column":24},"end":{"line":543,"column":25}},"loc":{"start":{"line":543,"column":30},"end":{"line":545,"column":5}},"line":543},"23":{"name":"(anonymous_23)","decl":{"start":{"line":547,"column":27},"end":{"line":547,"column":28}},"loc":{"start":{"line":547,"column":46},"end":{"line":551,"column":5}},"line":547},"24":{"name":"(anonymous_24)","decl":{"start":{"line":549,"column":48},"end":{"line":549,"column":49}},"loc":{"start":{"line":549,"column":58},"end":{"line":549,"column":69}},"line":549},"25":{"name":"(anonymous_25)","decl":{"start":{"line":553,"column":27},"end":{"line":553,"column":28}},"loc":{"start":{"line":553,"column":60},"end":{"line":557,"column":5}},"line":553},"26":{"name":"(anonymous_26)","decl":{"start":{"line":559,"column":26},"end":{"line":559,"column":27}},"loc":{"start":{"line":559,"column":38},"end":{"line":605,"column":5}},"line":559},"27":{"name":"(anonymous_27)","decl":{"start":{"line":568,"column":24},"end":{"line":568,"column":25}},"loc":{"start":{"line":568,"column":34},"end":{"line":568,"column":66}},"line":568},"28":{"name":"(anonymous_28)","decl":{"start":{"line":569,"column":21},"end":{"line":569,"column":22}},"loc":{"start":{"line":569,"column":31},"end":{"line":569,"column":77}},"line":569},"29":{"name":"(anonymous_29)","decl":{"start":{"line":572,"column":49},"end":{"line":572,"column":50}},"loc":{"start":{"line":572,"column":56},"end":{"line":572,"column":71}},"line":572},"30":{"name":"(anonymous_30)","decl":{"start":{"line":607,"column":25},"end":{"line":607,"column":26}},"loc":{"start":{"line":607,"column":31},"end":{"line":636,"column":5}},"line":607},"31":{"name":"(anonymous_31)","decl":{"start":{"line":615,"column":25},"end":{"line":615,"column":26}},"loc":{"start":{"line":615,"column":31},"end":{"line":633,"column":17}},"line":615},"32":{"name":"(anonymous_32)","decl":{"start":{"line":638,"column":28},"end":{"line":638,"column":29}},"loc":{"start":{"line":638,"column":34},"end":{"line":640,"column":5}},"line":638},"33":{"name":"(anonymous_33)","decl":{"start":{"line":643,"column":34},"end":{"line":643,"column":35}},"loc":{"start":{"line":643,"column":106},"end":{"line":682,"column":5}},"line":643},"34":{"name":"(anonymous_34)","decl":{"start":{"line":656,"column":34},"end":{"line":656,"column":35}},"loc":{"start":{"line":656,"column":45},"end":{"line":661,"column":17}},"line":656},"35":{"name":"(anonymous_35)","decl":{"start":{"line":663,"column":32},"end":{"line":663,"column":33}},"loc":{"start":{"line":663,"column":43},"end":{"line":668,"column":17}},"line":663},"36":{"name":"(anonymous_36)","decl":{"start":{"line":677,"column":34},"end":{"line":677,"column":35}},"loc":{"start":{"line":677,"column":45},"end":{"line":677,"column":71}},"line":677},"37":{"name":"(anonymous_37)","decl":{"start":{"line":679,"column":32},"end":{"line":679,"column":33}},"loc":{"start":{"line":679,"column":43},"end":{"line":679,"column":69}},"line":679},"38":{"name":"(anonymous_38)","decl":{"start":{"line":685,"column":31},"end":{"line":685,"column":32}},"loc":{"start":{"line":685,"column":83},"end":{"line":703,"column":5}},"line":685},"39":{"name":"(anonymous_39)","decl":{"start":{"line":687,"column":30},"end":{"line":687,"column":31}},"loc":{"start":{"line":687,"column":41},"end":{"line":687,"column":60}},"line":687},"40":{"name":"(anonymous_40)","decl":{"start":{"line":689,"column":23},"end":{"line":689,"column":24}},"loc":{"start":{"line":689,"column":29},"end":{"line":693,"column":13}},"line":689},"41":{"name":"(anonymous_41)","decl":{"start":{"line":695,"column":28},"end":{"line":695,"column":29}},"loc":{"start":{"line":695,"column":39},"end":{"line":695,"column":58}},"line":695},"42":{"name":"(anonymous_42)","decl":{"start":{"line":697,"column":23},"end":{"line":697,"column":24}},"loc":{"start":{"line":697,"column":29},"end":{"line":701,"column":13}},"line":697},"43":{"name":"(anonymous_43)","decl":{"start":{"line":706,"column":32},"end":{"line":706,"column":33}},"loc":{"start":{"line":706,"column":89},"end":{"line":723,"column":5}},"line":706},"44":{"name":"(anonymous_44)","decl":{"start":{"line":709,"column":34},"end":{"line":709,"column":35}},"loc":{"start":{"line":709,"column":45},"end":{"line":709,"column":100}},"line":709},"45":{"name":"(anonymous_45)","decl":{"start":{"line":711,"column":34},"end":{"line":711,"column":35}},"loc":{"start":{"line":711,"column":45},"end":{"line":711,"column":104}},"line":711},"46":{"name":"(anonymous_46)","decl":{"start":{"line":715,"column":32},"end":{"line":715,"column":33}},"loc":{"start":{"line":715,"column":43},"end":{"line":715,"column":96}},"line":715},"47":{"name":"(anonymous_47)","decl":{"start":{"line":717,"column":32},"end":{"line":717,"column":33}},"loc":{"start":{"line":717,"column":43},"end":{"line":717,"column":100}},"line":717},"48":{"name":"(anonymous_48)","decl":{"start":{"line":726,"column":30},"end":{"line":726,"column":31}},"loc":{"start":{"line":726,"column":36},"end":{"line":734,"column":5}},"line":726},"49":{"name":"(anonymous_49)","decl":{"start":{"line":737,"column":39},"end":{"line":737,"column":40}},"loc":{"start":{"line":737,"column":57},"end":{"line":742,"column":5}},"line":737},"50":{"name":"(anonymous_50)","decl":{"start":{"line":745,"column":29},"end":{"line":745,"column":30}},"loc":{"start":{"line":745,"column":35},"end":{"line":747,"column":5}},"line":745},"51":{"name":"(anonymous_51)","decl":{"start":{"line":750,"column":25},"end":{"line":750,"column":26}},"loc":{"start":{"line":750,"column":42},"end":{"line":753,"column":5}},"line":750},"52":{"name":"(anonymous_52)","decl":{"start":{"line":781,"column":63},"end":{"line":781,"column":64}},"loc":{"start":{"line":781,"column":69},"end":{"line":781,"column":92}},"line":781},"53":{"name":"(anonymous_53)","decl":{"start":{"line":790,"column":56},"end":{"line":790,"column":57}},"loc":{"start":{"line":790,"column":62},"end":{"line":790,"column":86}},"line":790},"54":{"name":"(anonymous_54)","decl":{"start":{"line":795,"column":111},"end":{"line":795,"column":112}},"loc":{"start":{"line":795,"column":117},"end":{"line":795,"column":141}},"line":795},"55":{"name":"(anonymous_55)","decl":{"start":{"line":800,"column":65},"end":{"line":800,"column":66}},"loc":{"start":{"line":800,"column":71},"end":{"line":803,"column":57}},"line":800},"56":{"name":"(anonymous_56)","decl":{"start":{"line":812,"column":62},"end":{"line":812,"column":63}},"loc":{"start":{"line":812,"column":87},"end":{"line":814,"column":53}},"line":812},"57":{"name":"(anonymous_57)","decl":{"start":{"line":832,"column":62},"end":{"line":832,"column":63}},"loc":{"start":{"line":832,"column":73},"end":{"line":832,"column":118}},"line":832},"58":{"name":"(anonymous_58)","decl":{"start":{"line":833,"column":56},"end":{"line":833,"column":57}},"loc":{"start":{"line":833,"column":62},"end":{"line":833,"column":98}},"line":833},"59":{"name":"(anonymous_59)","decl":{"start":{"line":850,"column":62},"end":{"line":850,"column":63}},"loc":{"start":{"line":850,"column":73},"end":{"line":850,"column":120}},"line":850},"60":{"name":"(anonymous_60)","decl":{"start":{"line":851,"column":56},"end":{"line":851,"column":57}},"loc":{"start":{"line":851,"column":62},"end":{"line":851,"column":100}},"line":851},"61":{"name":"(anonymous_61)","decl":{"start":{"line":862,"column":57},"end":{"line":862,"column":58}},"loc":{"start":{"line":862,"column":63},"end":{"line":862,"column":96}},"line":862},"62":{"name":"(anonymous_62)","decl":{"start":{"line":877,"column":57},"end":{"line":877,"column":58}},"loc":{"start":{"line":877,"column":63},"end":{"line":877,"column":96}},"line":877},"63":{"name":"(anonymous_63)","decl":{"start":{"line":902,"column":62},"end":{"line":902,"column":63}},"loc":{"start":{"line":902,"column":73},"end":{"line":902,"column":116}},"line":902},"64":{"name":"(anonymous_64)","decl":{"start":{"line":903,"column":56},"end":{"line":903,"column":57}},"loc":{"start":{"line":903,"column":62},"end":{"line":903,"column":96}},"line":903},"65":{"name":"(anonymous_65)","decl":{"start":{"line":920,"column":62},"end":{"line":920,"column":63}},"loc":{"start":{"line":920,"column":73},"end":{"line":920,"column":118}},"line":920},"66":{"name":"(anonymous_66)","decl":{"start":{"line":921,"column":56},"end":{"line":921,"column":57}},"loc":{"start":{"line":921,"column":62},"end":{"line":921,"column":98}},"line":921},"67":{"name":"(anonymous_67)","decl":{"start":{"line":931,"column":57},"end":{"line":931,"column":58}},"loc":{"start":{"line":931,"column":63},"end":{"line":931,"column":94}},"line":931},"68":{"name":"(anonymous_68)","decl":{"start":{"line":945,"column":57},"end":{"line":945,"column":58}},"loc":{"start":{"line":945,"column":63},"end":{"line":945,"column":94}},"line":945},"69":{"name":"(anonymous_69)","decl":{"start":{"line":978,"column":52},"end":{"line":978,"column":53}},"loc":{"start":{"line":979,"column":40},"end":{"line":1006,"column":47}},"line":979},"70":{"name":"(anonymous_70)","decl":{"start":{"line":981,"column":53},"end":{"line":981,"column":54}},"loc":{"start":{"line":981,"column":62},"end":{"line":988,"column":49}},"line":981},"71":{"name":"(anonymous_71)","decl":{"start":{"line":993,"column":62},"end":{"line":993,"column":63}},"loc":{"start":{"line":993,"column":72},"end":{"line":993,"column":99}},"line":993},"72":{"name":"(anonymous_72)","decl":{"start":{"line":997,"column":75},"end":{"line":997,"column":76}},"loc":{"start":{"line":997,"column":81},"end":{"line":997,"column":102}},"line":997},"73":{"name":"(anonymous_73)","decl":{"start":{"line":1021,"column":56},"end":{"line":1021,"column":57}},"loc":{"start":{"line":1021,"column":62},"end":{"line":1021,"column":88}},"line":1021},"74":{"name":"(anonymous_74)","decl":{"start":{"line":1026,"column":111},"end":{"line":1026,"column":112}},"loc":{"start":{"line":1026,"column":117},"end":{"line":1026,"column":143}},"line":1026},"75":{"name":"(anonymous_75)","decl":{"start":{"line":1030,"column":111},"end":{"line":1030,"column":112}},"loc":{"start":{"line":1030,"column":117},"end":{"line":1030,"column":143}},"line":1030},"76":{"name":"(anonymous_76)","decl":{"start":{"line":1035,"column":85},"end":{"line":1035,"column":86}},"loc":{"start":{"line":1036,"column":56},"end":{"line":1042,"column":75}},"line":1036},"77":{"name":"(anonymous_77)","decl":{"start":{"line":1039,"column":69},"end":{"line":1039,"column":70}},"loc":{"start":{"line":1039,"column":75},"end":{"line":1039,"column":92}},"line":1039},"78":{"name":"(anonymous_78)","decl":{"start":{"line":1045,"column":117},"end":{"line":1045,"column":118}},"loc":{"start":{"line":1045,"column":123},"end":{"line":1045,"column":139}},"line":1045},"79":{"name":"(anonymous_79)","decl":{"start":{"line":1061,"column":49},"end":{"line":1061,"column":50}},"loc":{"start":{"line":1061,"column":55},"end":{"line":1064,"column":41}},"line":1061},"80":{"name":"(anonymous_80)","decl":{"start":{"line":1070,"column":49},"end":{"line":1070,"column":50}},"loc":{"start":{"line":1070,"column":55},"end":{"line":1073,"column":41}},"line":1070},"81":{"name":"(anonymous_81)","decl":{"start":{"line":1090,"column":32},"end":{"line":1090,"column":33}},"loc":{"start":{"line":1090,"column":38},"end":{"line":1090,"column":68}},"line":1090},"82":{"name":"(anonymous_82)","decl":{"start":{"line":1099,"column":52},"end":{"line":1099,"column":53}},"loc":{"start":{"line":1100,"column":40},"end":{"line":1155,"column":47}},"line":1100},"83":{"name":"(anonymous_83)","decl":{"start":{"line":1113,"column":72},"end":{"line":1113,"column":73}},"loc":{"start":{"line":1114,"column":52},"end":{"line":1150,"column":59}},"line":1114},"84":{"name":"(anonymous_84)","decl":{"start":{"line":1117,"column":69},"end":{"line":1117,"column":70}},"loc":{"start":{"line":1117,"column":75},"end":{"line":1128,"column":61}},"line":1117},"85":{"name":"(anonymous_85)","decl":{"start":{"line":1118,"column":83},"end":{"line":1118,"column":84}},"loc":{"start":{"line":1118,"column":93},"end":{"line":1127,"column":65}},"line":1118},"86":{"name":"(anonymous_86)","decl":{"start":{"line":1122,"column":121},"end":{"line":1122,"column":122}},"loc":{"start":{"line":1122,"column":128},"end":{"line":1122,"column":140}},"line":1122}},"branchMap":{"0":{"loc":{"start":{"line":154,"column":4},"end":{"line":154,"column":24}},"type":"default-arg","locations":[{"start":{"line":154,"column":22},"end":{"line":154,"column":24}}],"line":154},"1":{"loc":{"start":{"line":155,"column":4},"end":{"line":155,"column":28}},"type":"default-arg","locations":[{"start":{"line":155,"column":18},"end":{"line":155,"column":28}}],"line":155},"2":{"loc":{"start":{"line":156,"column":4},"end":{"line":156,"column":27}},"type":"default-arg","locations":[{"start":{"line":156,"column":23},"end":{"line":156,"column":27}}],"line":156},"3":{"loc":{"start":{"line":157,"column":4},"end":{"line":157,"column":25}},"type":"default-arg","locations":[{"start":{"line":157,"column":21},"end":{"line":157,"column":25}}],"line":157},"4":{"loc":{"start":{"line":158,"column":4},"end":{"line":158,"column":20}},"type":"default-arg","locations":[{"start":{"line":158,"column":18},"end":{"line":158,"column":20}}],"line":158},"5":{"loc":{"start":{"line":159,"column":4},"end":{"line":159,"column":21}},"type":"default-arg","locations":[{"start":{"line":159,"column":19},"end":{"line":159,"column":21}}],"line":159},"6":{"loc":{"start":{"line":160,"column":4},"end":{"line":160,"column":28}},"type":"default-arg","locations":[{"start":{"line":160,"column":24},"end":{"line":160,"column":28}}],"line":160},"7":{"loc":{"start":{"line":161,"column":4},"end":{"line":161,"column":30}},"type":"default-arg","locations":[{"start":{"line":161,"column":28},"end":{"line":161,"column":30}}],"line":161},"8":{"loc":{"start":{"line":177,"column":8},"end":{"line":177,"column":35}},"type":"if","locations":[{"start":{"line":177,"column":8},"end":{"line":177,"column":35}},{"start":{},"end":{}}],"line":177},"9":{"loc":{"start":{"line":217,"column":8},"end":{"line":247,"column":9}},"type":"if","locations":[{"start":{"line":217,"column":8},"end":{"line":247,"column":9}},{"start":{},"end":{}}],"line":217},"10":{"loc":{"start":{"line":252,"column":8},"end":{"line":269,"column":9}},"type":"if","locations":[{"start":{"line":252,"column":8},"end":{"line":269,"column":9}},{"start":{"line":266,"column":15},"end":{"line":269,"column":9}}],"line":252},"11":{"loc":{"start":{"line":252,"column":12},"end":{"line":252,"column":56}},"type":"binary-expr","locations":[{"start":{"line":252,"column":12},"end":{"line":252,"column":31}},{"start":{"line":252,"column":35},"end":{"line":252,"column":56}}],"line":252},"12":{"loc":{"start":{"line":257,"column":12},"end":{"line":261,"column":13}},"type":"if","locations":[{"start":{"line":257,"column":12},"end":{"line":261,"column":13}},{"start":{"line":259,"column":19},"end":{"line":261,"column":13}}],"line":257},"13":{"loc":{"start":{"line":257,"column":16},"end":{"line":257,"column":60}},"type":"binary-expr","locations":[{"start":{"line":257,"column":16},"end":{"line":257,"column":46}},{"start":{"line":257,"column":50},"end":{"line":257,"column":60}}],"line":257},"14":{"loc":{"start":{"line":259,"column":19},"end":{"line":261,"column":13}},"type":"if","locations":[{"start":{"line":259,"column":19},"end":{"line":261,"column":13}},{"start":{},"end":{}}],"line":259},"15":{"loc":{"start":{"line":259,"column":23},"end":{"line":259,"column":69}},"type":"binary-expr","locations":[{"start":{"line":259,"column":23},"end":{"line":259,"column":53}},{"start":{"line":259,"column":57},"end":{"line":259,"column":69}}],"line":259},"16":{"loc":{"start":{"line":273,"column":8},"end":{"line":295,"column":9}},"type":"if","locations":[{"start":{"line":273,"column":8},"end":{"line":295,"column":9}},{"start":{"line":292,"column":15},"end":{"line":295,"column":9}}],"line":273},"17":{"loc":{"start":{"line":273,"column":12},"end":{"line":273,"column":52}},"type":"binary-expr","locations":[{"start":{"line":273,"column":12},"end":{"line":273,"column":29}},{"start":{"line":273,"column":33},"end":{"line":273,"column":52}}],"line":273},"18":{"loc":{"start":{"line":278,"column":12},"end":{"line":282,"column":13}},"type":"if","locations":[{"start":{"line":278,"column":12},"end":{"line":282,"column":13}},{"start":{"line":280,"column":19},"end":{"line":282,"column":13}}],"line":278},"19":{"loc":{"start":{"line":278,"column":16},"end":{"line":278,"column":58}},"type":"binary-expr","locations":[{"start":{"line":278,"column":16},"end":{"line":278,"column":44}},{"start":{"line":278,"column":48},"end":{"line":278,"column":58}}],"line":278},"20":{"loc":{"start":{"line":280,"column":19},"end":{"line":282,"column":13}},"type":"if","locations":[{"start":{"line":280,"column":19},"end":{"line":282,"column":13}},{"start":{},"end":{}}],"line":280},"21":{"loc":{"start":{"line":280,"column":23},"end":{"line":280,"column":67}},"type":"binary-expr","locations":[{"start":{"line":280,"column":23},"end":{"line":280,"column":51}},{"start":{"line":280,"column":55},"end":{"line":280,"column":67}}],"line":280},"22":{"loc":{"start":{"line":289,"column":12},"end":{"line":291,"column":13}},"type":"if","locations":[{"start":{"line":289,"column":12},"end":{"line":291,"column":13}},{"start":{},"end":{}}],"line":289},"23":{"loc":{"start":{"line":308,"column":8},"end":{"line":308,"column":39}},"type":"if","locations":[{"start":{"line":308,"column":8},"end":{"line":308,"column":39}},{"start":{},"end":{}}],"line":308},"24":{"loc":{"start":{"line":311,"column":21},"end":{"line":311,"column":46}},"type":"cond-expr","locations":[{"start":{"line":311,"column":35},"end":{"line":311,"column":39}},{"start":{"line":311,"column":42},"end":{"line":311,"column":46}}],"line":311},"25":{"loc":{"start":{"line":312,"column":31},"end":{"line":312,"column":47}},"type":"binary-expr","locations":[{"start":{"line":312,"column":31},"end":{"line":312,"column":41}},{"start":{"line":312,"column":45},"end":{"line":312,"column":47}}],"line":312},"26":{"loc":{"start":{"line":317,"column":8},"end":{"line":320,"column":9}},"type":"if","locations":[{"start":{"line":317,"column":8},"end":{"line":320,"column":9}},{"start":{},"end":{}}],"line":317},"27":{"loc":{"start":{"line":317,"column":12},"end":{"line":317,"column":49}},"type":"binary-expr","locations":[{"start":{"line":317,"column":12},"end":{"line":317,"column":21}},{"start":{"line":317,"column":25},"end":{"line":317,"column":49}}],"line":317},"28":{"loc":{"start":{"line":327,"column":12},"end":{"line":329,"column":13}},"type":"if","locations":[{"start":{"line":327,"column":12},"end":{"line":329,"column":13}},{"start":{},"end":{}}],"line":327},"29":{"loc":{"start":{"line":327,"column":16},"end":{"line":327,"column":84}},"type":"binary-expr","locations":[{"start":{"line":327,"column":16},"end":{"line":327,"column":51}},{"start":{"line":327,"column":55},"end":{"line":327,"column":84}}],"line":327},"30":{"loc":{"start":{"line":330,"column":29},"end":{"line":330,"column":106}},"type":"cond-expr","locations":[{"start":{"line":330,"column":65},"end":{"line":330,"column":90}},{"start":{"line":330,"column":93},"end":{"line":330,"column":106}}],"line":330},"31":{"loc":{"start":{"line":343,"column":16},"end":{"line":348,"column":17}},"type":"if","locations":[{"start":{"line":343,"column":16},"end":{"line":348,"column":17}},{"start":{},"end":{}}],"line":343},"32":{"loc":{"start":{"line":343,"column":20},"end":{"line":343,"column":87}},"type":"binary-expr","locations":[{"start":{"line":343,"column":20},"end":{"line":343,"column":52}},{"start":{"line":343,"column":56},"end":{"line":343,"column":87}}],"line":343},"33":{"loc":{"start":{"line":345,"column":31},"end":{"line":345,"column":74}},"type":"binary-expr","locations":[{"start":{"line":345,"column":31},"end":{"line":345,"column":68}},{"start":{"line":345,"column":72},"end":{"line":345,"column":74}}],"line":345},"34":{"loc":{"start":{"line":346,"column":29},"end":{"line":346,"column":70}},"type":"binary-expr","locations":[{"start":{"line":346,"column":29},"end":{"line":346,"column":64}},{"start":{"line":346,"column":68},"end":{"line":346,"column":70}}],"line":346},"35":{"loc":{"start":{"line":352,"column":45},"end":{"line":352,"column":66}},"type":"binary-expr","locations":[{"start":{"line":352,"column":45},"end":{"line":352,"column":60}},{"start":{"line":352,"column":64},"end":{"line":352,"column":66}}],"line":352},"36":{"loc":{"start":{"line":370,"column":8},"end":{"line":373,"column":9}},"type":"if","locations":[{"start":{"line":370,"column":8},"end":{"line":373,"column":9}},{"start":{},"end":{}}],"line":370},"37":{"loc":{"start":{"line":370,"column":12},"end":{"line":370,"column":100}},"type":"binary-expr","locations":[{"start":{"line":370,"column":12},"end":{"line":370,"column":22}},{"start":{"line":370,"column":26},"end":{"line":370,"column":34}},{"start":{"line":370,"column":38},"end":{"line":370,"column":43}},{"start":{"line":370,"column":47},"end":{"line":370,"column":53}},{"start":{"line":370,"column":57},"end":{"line":370,"column":80}},{"start":{"line":370,"column":85},"end":{"line":370,"column":100}}],"line":370},"38":{"loc":{"start":{"line":375,"column":8},"end":{"line":378,"column":9}},"type":"if","locations":[{"start":{"line":375,"column":8},"end":{"line":378,"column":9}},{"start":{},"end":{}}],"line":375},"39":{"loc":{"start":{"line":380,"column":8},"end":{"line":383,"column":9}},"type":"if","locations":[{"start":{"line":380,"column":8},"end":{"line":383,"column":9}},{"start":{},"end":{}}],"line":380},"40":{"loc":{"start":{"line":380,"column":12},"end":{"line":380,"column":72}},"type":"binary-expr","locations":[{"start":{"line":380,"column":12},"end":{"line":380,"column":41}},{"start":{"line":380,"column":45},"end":{"line":380,"column":72}}],"line":380},"41":{"loc":{"start":{"line":408,"column":8},"end":{"line":411,"column":9}},"type":"if","locations":[{"start":{"line":408,"column":8},"end":{"line":411,"column":9}},{"start":{},"end":{}}],"line":408},"42":{"loc":{"start":{"line":419,"column":8},"end":{"line":467,"column":9}},"type":"if","locations":[{"start":{"line":419,"column":8},"end":{"line":467,"column":9}},{"start":{},"end":{}}],"line":419},"43":{"loc":{"start":{"line":482,"column":8},"end":{"line":485,"column":9}},"type":"if","locations":[{"start":{"line":482,"column":8},"end":{"line":485,"column":9}},{"start":{},"end":{}}],"line":482},"44":{"loc":{"start":{"line":489,"column":12},"end":{"line":491,"column":13}},"type":"if","locations":[{"start":{"line":489,"column":12},"end":{"line":491,"column":13}},{"start":{},"end":{}}],"line":489},"45":{"loc":{"start":{"line":494,"column":8},"end":{"line":497,"column":9}},"type":"if","locations":[{"start":{"line":494,"column":8},"end":{"line":497,"column":9}},{"start":{},"end":{}}],"line":494},"46":{"loc":{"start":{"line":501,"column":12},"end":{"line":507,"column":13}},"type":"if","locations":[{"start":{"line":501,"column":12},"end":{"line":507,"column":13}},{"start":{},"end":{}}],"line":501},"47":{"loc":{"start":{"line":504,"column":33},"end":{"line":504,"column":59}},"type":"binary-expr","locations":[{"start":{"line":504,"column":33},"end":{"line":504,"column":53}},{"start":{"line":504,"column":57},"end":{"line":504,"column":59}}],"line":504},"48":{"loc":{"start":{"line":505,"column":30},"end":{"line":505,"column":53}},"type":"binary-expr","locations":[{"start":{"line":505,"column":30},"end":{"line":505,"column":47}},{"start":{"line":505,"column":51},"end":{"line":505,"column":53}}],"line":505},"49":{"loc":{"start":{"line":529,"column":12},"end":{"line":529,"column":40}},"type":"if","locations":[{"start":{"line":529,"column":12},"end":{"line":529,"column":40}},{"start":{},"end":{}}],"line":529},"50":{"loc":{"start":{"line":538,"column":28},"end":{"line":538,"column":48}},"type":"binary-expr","locations":[{"start":{"line":538,"column":28},"end":{"line":538,"column":40}},{"start":{"line":538,"column":44},"end":{"line":538,"column":48}}],"line":538},"51":{"loc":{"start":{"line":548,"column":8},"end":{"line":548,"column":31}},"type":"if","locations":[{"start":{"line":548,"column":8},"end":{"line":548,"column":31}},{"start":{},"end":{}}],"line":548},"52":{"loc":{"start":{"line":560,"column":8},"end":{"line":563,"column":9}},"type":"if","locations":[{"start":{"line":560,"column":8},"end":{"line":563,"column":9}},{"start":{},"end":{}}],"line":560},"53":{"loc":{"start":{"line":560,"column":12},"end":{"line":560,"column":54}},"type":"binary-expr","locations":[{"start":{"line":560,"column":12},"end":{"line":560,"column":17}},{"start":{"line":560,"column":21},"end":{"line":560,"column":27}},{"start":{"line":560,"column":31},"end":{"line":560,"column":54}}],"line":560},"54":{"loc":{"start":{"line":573,"column":33},"end":{"line":573,"column":106}},"type":"cond-expr","locations":[{"start":{"line":573,"column":60},"end":{"line":573,"column":101}},{"start":{"line":573,"column":104},"end":{"line":573,"column":106}}],"line":573},"55":{"loc":{"start":{"line":585,"column":29},"end":{"line":585,"column":47}},"type":"binary-expr","locations":[{"start":{"line":585,"column":29},"end":{"line":585,"column":41}},{"start":{"line":585,"column":45},"end":{"line":585,"column":47}}],"line":585},"56":{"loc":{"start":{"line":645,"column":8},"end":{"line":647,"column":9}},"type":"if","locations":[{"start":{"line":645,"column":8},"end":{"line":647,"column":9}},{"start":{},"end":{}}],"line":645},"57":{"loc":{"start":{"line":649,"column":8},"end":{"line":681,"column":9}},"type":"if","locations":[{"start":{"line":649,"column":8},"end":{"line":681,"column":9}},{"start":{"line":670,"column":15},"end":{"line":681,"column":9}}],"line":649},"58":{"loc":{"start":{"line":651,"column":12},"end":{"line":653,"column":13}},"type":"if","locations":[{"start":{"line":651,"column":12},"end":{"line":653,"column":13}},{"start":{},"end":{}}],"line":651},"59":{"loc":{"start":{"line":651,"column":16},"end":{"line":651,"column":99}},"type":"binary-expr","locations":[{"start":{"line":651,"column":16},"end":{"line":651,"column":28}},{"start":{"line":651,"column":33},"end":{"line":651,"column":63}},{"start":{"line":651,"column":67},"end":{"line":651,"column":98}}],"line":651},"60":{"loc":{"start":{"line":655,"column":12},"end":{"line":669,"column":13}},"type":"if","locations":[{"start":{"line":655,"column":12},"end":{"line":669,"column":13}},{"start":{"line":662,"column":19},"end":{"line":669,"column":13}}],"line":655},"61":{"loc":{"start":{"line":660,"column":28},"end":{"line":660,"column":67}},"type":"cond-expr","locations":[{"start":{"line":660,"column":49},"end":{"line":660,"column":53}},{"start":{"line":660,"column":56},"end":{"line":660,"column":67}}],"line":660},"62":{"loc":{"start":{"line":667,"column":28},"end":{"line":667,"column":67}},"type":"cond-expr","locations":[{"start":{"line":667,"column":49},"end":{"line":667,"column":53}},{"start":{"line":667,"column":56},"end":{"line":667,"column":67}}],"line":667},"63":{"loc":{"start":{"line":670,"column":15},"end":{"line":681,"column":9}},"type":"if","locations":[{"start":{"line":670,"column":15},"end":{"line":681,"column":9}},{"start":{},"end":{}}],"line":670},"64":{"loc":{"start":{"line":672,"column":12},"end":{"line":674,"column":13}},"type":"if","locations":[{"start":{"line":672,"column":12},"end":{"line":674,"column":13}},{"start":{},"end":{}}],"line":672},"65":{"loc":{"start":{"line":672,"column":16},"end":{"line":672,"column":99}},"type":"binary-expr","locations":[{"start":{"line":672,"column":16},"end":{"line":672,"column":28}},{"start":{"line":672,"column":33},"end":{"line":672,"column":63}},{"start":{"line":672,"column":67},"end":{"line":672,"column":98}}],"line":672},"66":{"loc":{"start":{"line":676,"column":12},"end":{"line":680,"column":13}},"type":"if","locations":[{"start":{"line":676,"column":12},"end":{"line":680,"column":13}},{"start":{"line":678,"column":19},"end":{"line":680,"column":13}}],"line":676},"67":{"loc":{"start":{"line":686,"column":8},"end":{"line":702,"column":9}},"type":"if","locations":[{"start":{"line":686,"column":8},"end":{"line":702,"column":9}},{"start":{"line":694,"column":15},"end":{"line":702,"column":9}}],"line":686},"68":{"loc":{"start":{"line":690,"column":16},"end":{"line":692,"column":17}},"type":"if","locations":[{"start":{"line":690,"column":16},"end":{"line":692,"column":17}},{"start":{},"end":{}}],"line":690},"69":{"loc":{"start":{"line":690,"column":20},"end":{"line":690,"column":40}},"type":"binary-expr","locations":[{"start":{"line":690,"column":20},"end":{"line":690,"column":29}},{"start":{"line":690,"column":33},"end":{"line":690,"column":40}}],"line":690},"70":{"loc":{"start":{"line":698,"column":16},"end":{"line":700,"column":17}},"type":"if","locations":[{"start":{"line":698,"column":16},"end":{"line":700,"column":17}},{"start":{},"end":{}}],"line":698},"71":{"loc":{"start":{"line":698,"column":20},"end":{"line":698,"column":40}},"type":"binary-expr","locations":[{"start":{"line":698,"column":20},"end":{"line":698,"column":29}},{"start":{"line":698,"column":33},"end":{"line":698,"column":40}}],"line":698},"72":{"loc":{"start":{"line":707,"column":8},"end":{"line":719,"column":9}},"type":"if","locations":[{"start":{"line":707,"column":8},"end":{"line":719,"column":9}},{"start":{"line":713,"column":15},"end":{"line":719,"column":9}}],"line":707},"73":{"loc":{"start":{"line":708,"column":12},"end":{"line":712,"column":13}},"type":"if","locations":[{"start":{"line":708,"column":12},"end":{"line":712,"column":13}},{"start":{"line":710,"column":19},"end":{"line":712,"column":13}}],"line":708},"74":{"loc":{"start":{"line":708,"column":16},"end":{"line":708,"column":68}},"type":"binary-expr","locations":[{"start":{"line":708,"column":16},"end":{"line":708,"column":32}},{"start":{"line":708,"column":36},"end":{"line":708,"column":68}}],"line":708},"75":{"loc":{"start":{"line":710,"column":19},"end":{"line":712,"column":13}},"type":"if","locations":[{"start":{"line":710,"column":19},"end":{"line":712,"column":13}},{"start":{},"end":{}}],"line":710},"76":{"loc":{"start":{"line":710,"column":23},"end":{"line":710,"column":79}},"type":"binary-expr","locations":[{"start":{"line":710,"column":23},"end":{"line":710,"column":41}},{"start":{"line":710,"column":45},"end":{"line":710,"column":79}}],"line":710},"77":{"loc":{"start":{"line":714,"column":12},"end":{"line":718,"column":13}},"type":"if","locations":[{"start":{"line":714,"column":12},"end":{"line":718,"column":13}},{"start":{"line":716,"column":19},"end":{"line":718,"column":13}}],"line":714},"78":{"loc":{"start":{"line":714,"column":16},"end":{"line":714,"column":66}},"type":"binary-expr","locations":[{"start":{"line":714,"column":16},"end":{"line":714,"column":32}},{"start":{"line":714,"column":36},"end":{"line":714,"column":66}}],"line":714},"79":{"loc":{"start":{"line":716,"column":19},"end":{"line":718,"column":13}},"type":"if","locations":[{"start":{"line":716,"column":19},"end":{"line":718,"column":13}},{"start":{},"end":{}}],"line":716},"80":{"loc":{"start":{"line":716,"column":23},"end":{"line":716,"column":77}},"type":"binary-expr","locations":[{"start":{"line":716,"column":23},"end":{"line":716,"column":41}},{"start":{"line":716,"column":45},"end":{"line":716,"column":77}}],"line":716},"81":{"loc":{"start":{"line":727,"column":8},"end":{"line":732,"column":9}},"type":"if","locations":[{"start":{"line":727,"column":8},"end":{"line":732,"column":9}},{"start":{},"end":{}}],"line":727},"82":{"loc":{"start":{"line":727,"column":12},"end":{"line":727,"column":32}},"type":"binary-expr","locations":[{"start":{"line":727,"column":12},"end":{"line":727,"column":21}},{"start":{"line":727,"column":25},"end":{"line":727,"column":32}}],"line":727},"83":{"loc":{"start":{"line":728,"column":12},"end":{"line":731,"column":13}},"type":"if","locations":[{"start":{"line":728,"column":12},"end":{"line":731,"column":13}},{"start":{},"end":{}}],"line":728},"84":{"loc":{"start":{"line":739,"column":8},"end":{"line":741,"column":9}},"type":"if","locations":[{"start":{"line":739,"column":8},"end":{"line":741,"column":9}},{"start":{},"end":{}}],"line":739},"85":{"loc":{"start":{"line":759,"column":48},"end":{"line":759,"column":92}},"type":"cond-expr","locations":[{"start":{"line":759,"column":72},"end":{"line":759,"column":81}},{"start":{"line":759,"column":84},"end":{"line":759,"column":92}}],"line":759},"86":{"loc":{"start":{"line":813,"column":56},"end":{"line":813,"column":99}},"type":"if","locations":[{"start":{"line":813,"column":56},"end":{"line":813,"column":99}},{"start":{},"end":{}}],"line":813},"87":{"loc":{"start":{"line":861,"column":77},"end":{"line":861,"column":136}},"type":"binary-expr","locations":[{"start":{"line":861,"column":77},"end":{"line":861,"column":107}},{"start":{"line":861,"column":111},"end":{"line":861,"column":136}}],"line":861},"88":{"loc":{"start":{"line":867,"column":56},"end":{"line":867,"column":119}},"type":"binary-expr","locations":[{"start":{"line":867,"column":56},"end":{"line":867,"column":86}},{"start":{"line":867,"column":90},"end":{"line":867,"column":119}}],"line":867},"89":{"loc":{"start":{"line":876,"column":77},"end":{"line":876,"column":136}},"type":"binary-expr","locations":[{"start":{"line":876,"column":77},"end":{"line":876,"column":107}},{"start":{"line":876,"column":111},"end":{"line":876,"column":136}}],"line":876},"90":{"loc":{"start":{"line":882,"column":56},"end":{"line":882,"column":119}},"type":"binary-expr","locations":[{"start":{"line":882,"column":56},"end":{"line":882,"column":86}},{"start":{"line":882,"column":90},"end":{"line":882,"column":119}}],"line":882},"91":{"loc":{"start":{"line":930,"column":77},"end":{"line":930,"column":134}},"type":"binary-expr","locations":[{"start":{"line":930,"column":77},"end":{"line":930,"column":105}},{"start":{"line":930,"column":109},"end":{"line":930,"column":134}}],"line":930},"92":{"loc":{"start":{"line":936,"column":56},"end":{"line":936,"column":117}},"type":"binary-expr","locations":[{"start":{"line":936,"column":56},"end":{"line":936,"column":84}},{"start":{"line":936,"column":88},"end":{"line":936,"column":117}}],"line":936},"93":{"loc":{"start":{"line":944,"column":77},"end":{"line":944,"column":134}},"type":"binary-expr","locations":[{"start":{"line":944,"column":77},"end":{"line":944,"column":105}},{"start":{"line":944,"column":109},"end":{"line":944,"column":134}}],"line":944},"94":{"loc":{"start":{"line":950,"column":56},"end":{"line":950,"column":117}},"type":"binary-expr","locations":[{"start":{"line":950,"column":56},"end":{"line":950,"column":84}},{"start":{"line":950,"column":88},"end":{"line":950,"column":117}}],"line":950},"95":{"loc":{"start":{"line":983,"column":52},"end":{"line":985,"column":53}},"type":"if","locations":[{"start":{"line":983,"column":52},"end":{"line":985,"column":53}},{"start":{},"end":{}}],"line":983},"96":{"loc":{"start":{"line":996,"column":45},"end":{"line":1000,"column":45}},"type":"binary-expr","locations":[{"start":{"line":996,"column":45},"end":{"line":996,"column":54}},{"start":{"line":997,"column":48},"end":{"line":999,"column":67}}],"line":996},"97":{"loc":{"start":{"line":1001,"column":45},"end":{"line":1005,"column":45}},"type":"binary-expr","locations":[{"start":{"line":1001,"column":45},"end":{"line":1001,"column":76}},{"start":{"line":1002,"column":48},"end":{"line":1004,"column":67}}],"line":1001},"98":{"loc":{"start":{"line":1011,"column":53},"end":{"line":1011,"column":111}},"type":"cond-expr","locations":[{"start":{"line":1011,"column":70},"end":{"line":1011,"column":86}},{"start":{"line":1011,"column":89},"end":{"line":1011,"column":111}}],"line":1011},"99":{"loc":{"start":{"line":1012,"column":45},"end":{"line":1012,"column":131}},"type":"cond-expr","locations":[{"start":{"line":1012,"column":62},"end":{"line":1012,"column":99}},{"start":{"line":1012,"column":102},"end":{"line":1012,"column":131}}],"line":1012},"100":{"loc":{"start":{"line":1069,"column":90},"end":{"line":1069,"column":124}},"type":"binary-expr","locations":[{"start":{"line":1069,"column":90},"end":{"line":1069,"column":99}},{"start":{"line":1069,"column":103},"end":{"line":1069,"column":124}}],"line":1069},"101":{"loc":{"start":{"line":1076,"column":79},"end":{"line":1076,"column":114}},"type":"cond-expr","locations":[{"start":{"line":1076,"column":91},"end":{"line":1076,"column":103}},{"start":{"line":1076,"column":106},"end":{"line":1076,"column":114}}],"line":1076},"102":{"loc":{"start":{"line":1095,"column":57},"end":{"line":1095,"column":84}},"type":"binary-expr","locations":[{"start":{"line":1095,"column":57},"end":{"line":1095,"column":65}},{"start":{"line":1095,"column":69},"end":{"line":1095,"column":84}}],"line":1095},"103":{"loc":{"start":{"line":1098,"column":33},"end":{"line":1159,"column":33}},"type":"cond-expr","locations":[{"start":{"line":1099,"column":36},"end":{"line":1156,"column":38}},{"start":{"line":1158,"column":36},"end":{"line":1158,"column":98}}],"line":1098},"104":{"loc":{"start":{"line":1103,"column":45},"end":{"line":1110,"column":45}},"type":"binary-expr","locations":[{"start":{"line":1103,"column":45},"end":{"line":1103,"column":74}},{"start":{"line":1104,"column":48},"end":{"line":1109,"column":55}}],"line":1103},"105":{"loc":{"start":{"line":1112,"column":45},"end":{"line":1154,"column":45}},"type":"cond-expr","locations":[{"start":{"line":1113,"column":48},"end":{"line":1151,"column":50}},{"start":{"line":1153,"column":48},"end":{"line":1153,"column":110}}],"line":1112},"106":{"loc":{"start":{"line":1120,"column":68},"end":{"line":1120,"column":118}},"type":"if","locations":[{"start":{"line":1120,"column":68},"end":{"line":1120,"column":118}},{"start":{},"end":{}}],"line":1120},"107":{"loc":{"start":{"line":1121,"column":68},"end":{"line":1125,"column":69}},"type":"if","locations":[{"start":{"line":1121,"column":68},"end":{"line":1125,"column":69}},{"start":{"line":1123,"column":75},"end":{"line":1125,"column":69}}],"line":1121},"108":{"loc":{"start":{"line":1131,"column":70},"end":{"line":1131,"column":147}},"type":"cond-expr","locations":[{"start":{"line":1131,"column":118},"end":{"line":1131,"column":128}},{"start":{"line":1131,"column":131},"end":{"line":1131,"column":147}}],"line":1131},"109":{"loc":{"start":{"line":1138,"column":57},"end":{"line":1140,"column":57}},"type":"binary-expr","locations":[{"start":{"line":1138,"column":57},"end":{"line":1138,"column":77}},{"start":{"line":1139,"column":60},"end":{"line":1139,"column":130}}],"line":1138},"110":{"loc":{"start":{"line":1142,"column":57},"end":{"line":1147,"column":57}},"type":"binary-expr","locations":[{"start":{"line":1142,"column":57},"end":{"line":1142,"column":74}},{"start":{"line":1143,"column":60},"end":{"line":1146,"column":67}}],"line":1142},"111":{"loc":{"start":{"line":1164,"column":55},"end":{"line":1164,"column":113}},"type":"cond-expr","locations":[{"start":{"line":1164,"column":67},"end":{"line":1164,"column":90}},{"start":{"line":1164,"column":93},"end":{"line":1164,"column":113}}],"line":1164},"112":{"loc":{"start":{"line":1168,"column":65},"end":{"line":1168,"column":104}},"type":"cond-expr","locations":[{"start":{"line":1168,"column":77},"end":{"line":1168,"column":92}},{"start":{"line":1168,"column":95},"end":{"line":1168,"column":104}}],"line":1168}},"s":{"0":1,"1":1,"2":1,"3":20,"4":20,"5":20,"6":20,"7":20,"8":20,"9":20,"10":20,"11":20,"12":20,"13":20,"14":20,"15":20,"16":20,"17":19,"18":1,"19":20,"20":20,"21":20,"22":20,"23":20,"24":20,"25":20,"26":20,"27":20,"28":20,"29":20,"30":20,"31":20,"32":20,"33":20,"34":20,"35":1,"36":0,"37":0,"38":0,"39":0,"40":0,"41":0,"42":0,"43":0,"44":0,"45":0,"46":0,"47":0,"48":0,"49":0,"50":0,"51":0,"52":0,"53":0,"54":20,"55":5,"56":4,"57":4,"58":4,"59":1,"60":3,"61":0,"62":4,"63":4,"64":4,"65":1,"66":20,"67":3,"68":2,"69":2,"70":2,"71":2,"72":0,"73":0,"74":2,"75":2,"76":2,"77":2,"78":2,"79":1,"80":20,"81":20,"82":20,"83":20,"84":20,"85":20,"86":20,"87":2,"88":0,"89":2,"90":2,"91":2,"92":2,"93":2,"94":20,"95":0,"96":0,"97":0,"98":0,"99":20,"100":0,"101":0,"102":0,"103":0,"104":0,"105":0,"106":0,"107":0,"108":0,"109":0,"110":0,"111":0,"112":0,"113":0,"114":0,"115":0,"116":0,"117":0,"118":0,"119":0,"120":0,"121":0,"122":0,"123":20,"124":1,"125":0,"126":0,"127":1,"128":0,"129":0,"130":1,"131":0,"132":0,"133":1,"134":20,"135":1,"136":1,"137":0,"138":0,"139":0,"140":20,"141":1,"142":1,"143":1,"144":0,"145":0,"146":1,"147":1,"148":1,"149":1,"150":1,"151":1,"152":1,"153":1,"154":1,"155":0,"156":0,"157":0,"158":0,"159":0,"160":0,"161":0,"162":0,"163":0,"164":0,"165":0,"166":0,"167":0,"168":20,"169":0,"170":0,"171":0,"172":0,"173":0,"174":0,"175":20,"176":0,"177":0,"178":0,"179":0,"180":0,"181":0,"182":0,"183":0,"184":0,"185":0,"186":0,"187":0,"188":0,"189":0,"190":0,"191":0,"192":0,"193":0,"194":0,"195":0,"196":0,"197":0,"198":0,"199":0,"200":0,"201":0,"202":20,"203":0,"204":0,"205":0,"206":20,"207":0,"208":20,"209":0,"210":0,"211":0,"212":0,"213":0,"214":20,"215":1,"216":1,"217":1,"218":20,"219":0,"220":0,"221":0,"222":0,"223":0,"224":0,"225":0,"226":0,"227":0,"228":0,"229":0,"230":0,"231":0,"232":0,"233":0,"234":0,"235":0,"236":0,"237":0,"238":0,"239":0,"240":0,"241":0,"242":0,"243":20,"244":0,"245":0,"246":0,"247":0,"248":0,"249":0,"250":0,"251":0,"252":0,"253":0,"254":0,"255":0,"256":0,"257":0,"258":0,"259":0,"260":0,"261":0,"262":20,"263":1,"264":20,"265":4,"266":0,"267":4,"268":2,"269":0,"270":2,"271":1,"272":1,"273":1,"274":1,"275":2,"276":2,"277":0,"278":2,"279":1,"280":1,"281":1,"282":1,"283":20,"284":2,"285":2,"286":2,"287":2,"288":2,"289":1,"290":0,"291":0,"292":0,"293":0,"294":0,"295":20,"296":0,"297":0,"298":0,"299":0,"300":0,"301":0,"302":0,"303":0,"304":0,"305":0,"306":0,"307":0,"308":0,"309":0,"310":20,"311":3,"312":2,"313":0,"314":0,"315":3,"316":20,"317":0,"318":0,"319":20,"320":1,"321":20,"322":1,"323":1,"324":20,"325":0,"326":0,"327":0,"328":0,"329":0,"330":0,"331":0,"332":1,"333":0,"334":1,"335":0,"336":1,"337":1,"338":1,"339":0,"340":1,"341":0,"342":0,"343":0,"344":20,"345":40,"346":0,"347":40,"348":1,"349":0,"350":0,"351":0,"352":0,"353":180,"354":1,"355":0,"356":0,"357":0,"358":1,"359":1,"360":0,"361":0,"362":0,"363":0,"364":0,"365":0,"366":0,"367":0,"368":0,"369":0,"370":0,"371":0,"372":1},"f":{"0":20,"1":20,"2":1,"3":5,"4":3,"5":2,"6":0,"7":0,"8":0,"9":0,"10":0,"11":1,"12":1,"13":1,"14":1,"15":0,"16":0,"17":0,"18":0,"19":0,"20":0,"21":0,"22":0,"23":0,"24":0,"25":1,"26":0,"27":0,"28":0,"29":0,"30":0,"31":0,"32":1,"33":4,"34":1,"35":1,"36":1,"37":1,"38":2,"39":2,"40":2,"41":0,"42":0,"43":0,"44":0,"45":0,"46":0,"47":0,"48":3,"49":0,"50":1,"51":1,"52":0,"53":0,"54":0,"55":0,"56":0,"57":1,"58":0,"59":1,"60":0,"61":1,"62":1,"63":1,"64":0,"65":1,"66":0,"67":0,"68":0,"69":20,"70":40,"71":1,"72":0,"73":0,"74":0,"75":0,"76":180,"77":1,"78":0,"79":0,"80":1,"81":0,"82":0,"83":0,"84":0,"85":0,"86":0},"b":{"0":[20],"1":[20],"2":[20],"3":[20],"4":[20],"5":[20],"6":[20],"7":[20],"8":[19,1],"9":[0,1],"10":[4,1],"11":[5,4],"12":[1,3],"13":[4,1],"14":[0,3],"15":[3,3],"16":[2,1],"17":[3,2],"18":[2,0],"19":[2,2],"20":[0,0],"21":[0,0],"22":[2,0],"23":[0,2],"24":[2,0],"25":[2,0],"26":[0,0],"27":[0,0],"28":[0,0],"29":[0,0],"30":[0,0],"31":[0,0],"32":[0,0],"33":[0,0],"34":[0,0],"35":[0,0],"36":[0,1],"37":[1,1,1,1,1,1],"38":[0,1],"39":[0,1],"40":[1,1],"41":[0,1],"42":[1,0],"43":[0,0],"44":[0,0],"45":[0,0],"46":[0,0],"47":[0,0],"48":[0,0],"49":[0,0],"50":[0,0],"51":[0,0],"52":[0,0],"53":[0,0,0],"54":[0,0],"55":[0,0],"56":[0,4],"57":[2,2],"58":[0,2],"59":[2,2,2],"60":[1,1],"61":[1,0],"62":[1,0],"63":[2,0],"64":[0,2],"65":[2,2,2],"66":[1,1],"67":[2,0],"68":[1,1],"69":[2,2],"70":[0,0],"71":[0,0],"72":[0,0],"73":[0,0],"74":[0,0],"75":[0,0],"76":[0,0],"77":[0,0],"78":[0,0],"79":[0,0],"80":[0,0],"81":[2,1],"82":[3,3],"83":[0,2],"84":[0,0],"85":[20,0],"86":[0,0],"87":[20,14],"88":[20,14],"89":[20,6],"90":[20,6],"91":[20,0],"92":[20,0],"93":[20,20],"94":[20,20],"95":[0,40],"96":[20,0],"97":[20,20],"98":[3,17],"99":[3,17],"100":[20,1],"101":[1,19],"102":[20,1],"103":[0,20],"104":[0,0],"105":[0,0],"106":[0,0],"107":[0,0],"108":[0,0],"109":[0,0],"110":[0,0],"111":[1,19],"112":[1,19]},"_coverageSchema":"1a1c01bbd47fc00a2c39e90264f33305004495a9","hash":"6214b73e2ecb78980ebc286e72f206440bcb8b51"}
,"C:\\Users\\atiks\\Downloads\\STAC-IT\\STAC-IT\\src\\screens\\CreateAccount.tsx": {"path":"C:\\Users\\atiks\\Downloads\\STAC-IT\\STAC-IT\\src\\screens\\CreateAccount.tsx","statementMap":{"0":{"start":{"line":21,"column":52},"end":{"line":185,"column":1}},"1":{"start":{"line":22,"column":30},"end":{"line":22,"column":42}},"2":{"start":{"line":23,"column":36},"end":{"line":23,"column":48}},"3":{"start":{"line":24,"column":34},"end":{"line":24,"column":49}},"4":{"start":{"line":25,"column":46},"end":{"line":25,"column":61}},"5":{"start":{"line":26,"column":30},"end":{"line":26,"column":42}},"6":{"start":{"line":27,"column":44},"end":{"line":27,"column":59}},"7":{"start":{"line":28,"column":52},"end":{"line":28,"column":67}},"8":{"start":{"line":29,"column":36},"end":{"line":29,"column":47}},"9":{"start":{"line":31,"column":17},"end":{"line":31,"column":30}},"10":{"start":{"line":33,"column":4},"end":{"line":41,"column":19}},"11":{"start":{"line":35,"column":8},"end":{"line":39,"column":9}},"12":{"start":{"line":36,"column":12},"end":{"line":36,"column":83}},"13":{"start":{"line":36,"column":38},"end":{"line":36,"column":75}},"14":{"start":{"line":36,"column":62},"end":{"line":36,"column":74}},"15":{"start":{"line":37,"column":15},"end":{"line":39,"column":9}},"16":{"start":{"line":38,"column":12},"end":{"line":38,"column":33}},"17":{"start":{"line":40,"column":8},"end":{"line":40,"column":42}},"18":{"start":{"line":40,"column":21},"end":{"line":40,"column":41}},"19":{"start":{"line":43,"column":26},"end":{"line":50,"column":5}},"20":{"start":{"line":44,"column":22},"end":{"line":44,"column":50}},"21":{"start":{"line":45,"column":8},"end":{"line":49,"column":9}},"22":{"start":{"line":46,"column":12},"end":{"line":46,"column":46}},"23":{"start":{"line":48,"column":12},"end":{"line":48,"column":25}},"24":{"start":{"line":52,"column":29},"end":{"line":59,"column":5}},"25":{"start":{"line":53,"column":22},"end":{"line":53,"column":83}},"26":{"start":{"line":54,"column":8},"end":{"line":58,"column":9}},"27":{"start":{"line":55,"column":12},"end":{"line":55,"column":148}},"28":{"start":{"line":57,"column":12},"end":{"line":57,"column":25}},"29":{"start":{"line":61,"column":25},"end":{"line":96,"column":5}},"30":{"start":{"line":62,"column":8},"end":{"line":65,"column":9}},"31":{"start":{"line":63,"column":12},"end":{"line":63,"column":65}},"32":{"start":{"line":64,"column":12},"end":{"line":64,"column":19}},"33":{"start":{"line":67,"column":8},"end":{"line":67,"column":25}},"34":{"start":{"line":68,"column":8},"end":{"line":94,"column":9}},"35":{"start":{"line":69,"column":35},"end":{"line":69,"column":94}},"36":{"start":{"line":70,"column":25},"end":{"line":70,"column":44}},"37":{"start":{"line":73,"column":12},"end":{"line":73,"column":46}},"38":{"start":{"line":74,"column":12},"end":{"line":74,"column":38}},"39":{"start":{"line":75,"column":12},"end":{"line":75,"column":28}},"40":{"start":{"line":78,"column":12},"end":{"line":78,"column":131}},"41":{"start":{"line":81,"column":12},"end":{"line":90,"column":13}},"42":{"start":{"line":82,"column":16},"end":{"line":86,"column":19}},"43":{"start":{"line":88,"column":16},"end":{"line":88,"column":86}},"44":{"start":{"line":89,"column":16},"end":{"line":89,"column":51}},"45":{"start":{"line":92,"column":12},"end":{"line":92,"column":31}},"46":{"start":{"line":93,"column":12},"end":{"line":93,"column":46}},"47":{"start":{"line":95,"column":8},"end":{"line":95,"column":26}},"48":{"start":{"line":98,"column":37},"end":{"line":112,"column":5}},"49":{"start":{"line":99,"column":8},"end":{"line":111,"column":9}},"50":{"start":{"line":100,"column":12},"end":{"line":108,"column":13}},"51":{"start":{"line":101,"column":16},"end":{"line":101,"column":62}},"52":{"start":{"line":102,"column":16},"end":{"line":102,"column":42}},"53":{"start":{"line":103,"column":16},"end":{"line":103,"column":32}},"54":{"start":{"line":104,"column":16},"end":{"line":104,"column":77}},"55":{"start":{"line":106,"column":16},"end":{"line":106,"column":35}},"56":{"start":{"line":107,"column":16},"end":{"line":107,"column":71}},"57":{"start":{
[...]
{"start":{"line":48,"column":8},"end":{"line":51,"column":9}},"16":{"start":{"line":49,"column":29},"end":{"line":49,"column":44}},"17":{"start":{"line":50,"column":12},"end":{"line":50,"column":59}},"18":{"start":{"line":52,"column":8},"end":{"line":52,"column":21}},"19":{"start":{"line":55,"column":24},"end":{"line":77,"column":5}},"20":{"start":{"line":56,"column":8},"end":{"line":56,"column":25}},"21":{"start":{"line":57,"column":8},"end":{"line":75,"column":9}},"22":{"start":{"line":58,"column":35},"end":{"line":58,"column":90}},"23":{"start":{"line":59,"column":25},"end":{"line":59,"column":44}},"24":{"start":{"line":61,"column":12},"end":{"line":70,"column":13}},"25":{"start":{"line":62,"column":43},"end":{"line":62,"column":72}},"26":{"start":{"line":63,"column":16},"end":{"line":67,"column":17}},"27":{"start":{"line":64,"column":20},"end":{"line":64,"column":52}},"28":{"start":{"line":66,"column":20},"end":{"line":66,"column":59}},"29":{"start":{"line":69,"column":16},"end":{"line":69,"column":104}},"30":{"start":{"line":73,"column":12},"end":{"line":73,"column":64}},"31":{"start":{"line":74,"column":12},"end":{"line":74,"column":75}},"32":{"start":{"line":76,"column":8},"end":{"line":76,"column":26}},"33":{"start":{"line":79,"column":25},"end":{"line":81,"column":5}},"34":{"start":{"line":80,"column":8},"end":{"line":80,"column":45}},"35":{"start":{"line":83,"column":32},"end":{"line":85,"column":5}},"36":{"start":{"line":84,"column":8},"end":{"line":84,"column":46}},"37":{"start":{"line":87,"column":21},"end":{"line":87,"column":68}},"38":{"start":{"line":88,"column":21},"end":{"line":88,"column":72}},"39":{"start":{"line":90,"column":4},"end":{"line":139,"column":6}},"40":{"start":{"line":96,"column":46},"end":{"line":96,"column":61}},"41":{"start":{"line":96,"column":62},"end":{"line":96,"column":82}},"42":{"start":{"line":111,"column":39},"end":{"line":111,"column":69}},"43":{"start":{"line":144,"column":15},"end":{"line":199,"column":2}}},"fnMap":{"0":{"name":"(anonymous_0)","decl":{"start":{"line":26,"column":36},"end":{"line":26,"column":37}},"loc":{"start":{"line":26,"column":56},"end":{"line":140,"column":1}},"line":26},"1":{"name":"(anonymous_1)","decl":{"start":{"line":35,"column":26},"end":{"line":35,"column":27}},"loc":{"start":{"line":35,"column":45},"end":{"line":42,"column":5}},"line":35},"2":{"name":"(anonymous_2)","decl":{"start":{"line":44,"column":26},"end":{"line":44,"column":27}},"loc":{"start":{"line":44,"column":52},"end":{"line":53,"column":5}},"line":44},"3":{"name":"(anonymous_3)","decl":{"start":{"line":55,"column":24},"end":{"line":55,"column":25}},"loc":{"start":{"line":55,"column":36},"end":{"line":77,"column":5}},"line":55},"4":{"name":"(anonymous_4)","decl":{"start":{"line":79,"column":25},"end":{"line":79,"column":26}},"loc":{"start":{"line":79,"column":31},"end":{"line":81,"column":5}},"line":79},"5":{"name":"(anonymous_5)","decl":{"start":{"line":83,"column":32},"end":{"line":83,"column":33}},"loc":{"start":{"line":83,"column":44},"end":{"line":85,"column":5}},"line":83},"6":{"name":"(anonymous_6)","decl":{"start":{"line":96,"column":34},"end":{"line":96,"column":35}},"loc":{"start":{"line":96,"column":44},"end":{"line":96,"column":84}},"line":96},"7":{"name":"(anonymous_7)","decl":{"start":{"line":111,"column":33},"end":{"line":111,"column":34}},"loc":{"start":{"line":111,"column":39},"end":{"line":111,"column":69}},"line":111}},"branchMap":{"0":{"loc":{"start":{"line":37,"column":8},"end":{"line":41,"column":9}},"type":"if","locations":[{"start":{"line":37,"column":8},"end":{"line":41,"column":9}},{"start":{"line":39,"column":15},"end":{"line":41,"column":9}}],"line":37},"1":{"loc":{"start":{"line":48,"column":8},"end":{"line":51,"column":9}},"type":"if","locations":[{"start":{"line":48,"column":8},"end":{"line":51,"column":9}},{"start":{},"end":{}}],"line":48},"2":{"loc":{"start":{"line":50,"column":19},"end":{"line":50,"column":58}},"type":"binary-expr","locations":[{"start":{"line":50,"column":19},"end":{"line":50,"column":36}},{"start":{"line":50,"column":40},"end":{"line":50,"column":58}}],"line":50},"3":{"loc":{"start":{"line":61,"column":12},"end":{"line":70,"column":13}},"type":"if","locations":[{"start":{"line":61,"column":12},"end":{"line":70,"column":13}},{"start":{"line":68,"column":19},"end":{"line":70,"column":13}}],"line":61},"4":{"loc":{"start":{"line":63,"column":16},"end":{"line":67,"column":17}},"type":"if","locations":[{"start":{"line":63,"column":16},"end":{"line":67,"column":17}},{"start":{"line":65,"column":23},"end":{"line":67,"column":17}}],"line":63},"5":{"loc":{"start":{"line":114,"column":25},"end":{"line":114,"column":59}},"type":"cond-expr","locations":[{"start":{"line":114,"column":40},"end":{"line":114,"column":48}},{"start":{"line":114,"column":51},"end":{"line":114,"column":59}}],"line":114},"6":{"loc":{"start":{"line":120,"column":17},"end":{"line":136,"column":17}},"type":"cond-expr","locations":[{"start":{"line":121,"column":20},"end":{"line":121,"column":70}},{"start":{"line":123,"column":20},"end":{"line":135,"column":23}}],"line":120}},"s":{"0":1,"1":13,"2":13,"3":13,"4":13,"5":13,"6":13,"7":13,"8":3,"9":3,"10":1,"11":2,"12":13,"13":1,"14":1,"15":1,"16":1,"17":1,"18":0,"19":13,"20":1,"21":1,"22":1,"23":1,"24":1,"25":1,"26":1,"27":1,"28":0,"29":0,"30":0,"31":0,"32":1,"33":13,"34":1,"35":13,"36":1,"37":13,"38":13,"39":13,"40":3,"41":3,"42":1,"43":1},"f":{"0":13,"1":3,"2":1,"3":1,"4":1,"5":1,"6":3,"7":1},"b":{"0":[1,2],"1":[1,0],"2":[1,1],"3":[1,0],"4":[1,0],"5":[1,12],"6":[1,12]},"_coverageSchema":"1a1c01bbd47fc00a2c39e90264f33305004495a9","hash":"e9f2082dcb954506539f2f4c77ab5783b3d65ac3"}
,"C:\\Users\\atiks\\Downloads\\STAC-IT\\STAC-IT\\src\\screens\\Profile.tsx": {"path":"C:\\Users\\atiks\\Downloads\\STAC-IT\\STAC-IT\\src\\screens\\Profile.tsx","statementMap":{"0":{"start":{"line":13,"column":44},"end":{"line":126,"column":1}},"1":{"start":{"line":14,"column":40},"end":{"line":14,"column":55}},"2":{"start":{"line":15,"column":34},"end":{"line":19,"column":6}},"3":{"start":{"line":21,"column":44},"end":{"line":25,"column":6}},"4":{"start":{"line":27,"column":4},"end":{"line":52,"column":11}},"5":{"start":{"line":28,"column":33},"end":{"line":49,"column":9}},"6":{"start":{"line":29,"column":27},"end":{"line":29,"column":57}},"7":{"start":{"line":30,"column":12},"end":{"line":30,"column":32}},"8":{"start":{"line":30,"column":25},"end":{"line":30,"column":32}},"9":{"start":{"line":32,"column":12},"end":{"line":48,"column":13}},"10":{"start":{"line":33,"column":35},"end":{"line":33,"column":68}},"11":{"start":{"line":34,"column":32},"end":{"line":34,"column":56}},"12":{"start":{"line":36,"column":16},"end":{"line":45,"column":17}},"13":{"start":{"line":37,"column":37},"end":{"line":37,"column":51}},"14":{"start":{"line":38,"column":20},"end":{"line":42,"column":23}},"15":{"start":{"line":44,"column":20},"end":{"line":44,"column":53}},"16":{"start":{"line":47,"column":16},"end":{"line":47,"column":69}},"17":{"start":{"line":51,"column":8},"end":{"line":51,"column":27}},"18":{"start":{"line":55,"column":25},"end":{"line":65,"column":5}},"19":{"start":{"line":56,"column":8},"end":{"line":64,"column":9}},"20":{"start":{"line":57,"column":12},"end":{"line":57,"column":41}},"21":{"start":{"line":58,"column":12},"end":{"line":61,"column":15}},"22":{"start":{"line":63,"column":12},"end":{"line":63,"column":50}},"23":{"start":{"line":67,"column":24},"end":{"line":69,"column":5}},"24":{"start":{"line":68,"column":8},"end":{"line":68,"column":36}},"25":{"start":{"line":71,"column":27},"end":{"line":73,"column":5}},"26":{"start":{"line":72,"column":8},"end":{"line":72,"column":39}},"27":{"start":{"line":75,"column":33},"end":{"line":77,"column":5}},"28":{"start":{"line":76,"column":8},"end":{"line":76,"column":45}},"29":{"start":{"line":79,"column":4},"end":{"line":125,"column":6}},"30":{"start":{"line":110,"column":44},"end":{"line":110,"column":51}},"31":{"start":{"line":112,"column":24},"end":{"line":115,"column":31}},"32":{"start":{"line":130,"column":15},"end":{"line":226,"column":2}}},"fnMap":{"0":{"name":"(anonymous_0)","decl":{"start":{"line":13,"column":44},"end":{"line":13,"column":45}},"loc":{"start":{"line":13,"column":64},"end":{"line":126,"column":1}},"line":13},"1":{"name":"(anonymous_1)","decl":{"start":{"line":27,"column":14},"end":{"line":27,"column":15}},"loc":{"start":{"line":27,"column":20},"end":{"line":52,"column":5}},"line":27},"2":{"name":"(anonymous_2)","decl":{"start":{"line":28,"column":33},"end":{"line":28,"column":34}},"loc":{"start":{"line":28,"column":45},"end":{"line":49,"column":9}},"line":28},"3":{"name":"(anonymous_3)","decl":{"start":{"line":55,"column":25},"end":{"line":55,"column":26}},"loc":{"start":{"line":55,"column":37},"end":{"line":65,"column":5}},"line":55},"4":{"name":"(anonymous_4)","decl":{"start":{"line":67,"column":24},"end":{"line":67,"column":25}},"loc":{"start":{"line":67,"column":30},"end":{"line":69,"column":5}},"line":67},"5":{"name":"(anonymous_5)","decl":{"start":{"line":71,"column":27},"end":{"line":71,"column":28}},"loc":{"start":{"line":71,"column":33},"end":{"line":73,"column":5}},"line":71},"6":{"name":"(anonymous_6)","decl":{"start":{"line":75,"column":33},"end":{"line":75,"column":34}},"loc":{"start":{"line":75,"column":39},"end":{"line":77,"column":5}},"line":75},"7":{"name":"(anonymous_7)","decl":{"start":{"line":110,"column":34},"end":{"line":110,"column":35}},"loc":{"start":{"line":110,"column":44},"end":{"line":110,"column":51}},"line":110},"8":{"name":"(anonymous_8)","decl":{"start":{"line":111,"column":32},"end":{"line":111,"column":33}},"loc":{"start":{"line":112,"column":24},"end":{"line":115,"column":31}},"line":112}},"branchMap":{"0":{"loc":{"start":{"line":30,"column":12},"end":{"line":30,"column":32}},"type":"if","locations":[{"start":{"line":30,"column":12},"end":{"line":30,"column":32}},{"start":{},"end":{}}],"line":30},"1":{"loc":{"start":{"line":36,"column":16},"end":{"line":45,"column":17}},"type":"if","locations":[{"start":{"line":36,"column":16},"end":{"line":45,"column":17}},{"start":{"line":43,"column":23},"end":{"line":45,"column":17}}],"line":36},"2":{"loc":{"start":{"line":39,"column":30},"end":{"line":39,"column":56}},"type":"binary-expr","locations":[{"start":{"line":39,"column":30},"end":{"line":39,"column":47}},{"start":{"line":39,"column":51},"end":{"line":39,"column":56}}],"line":39},"3":{"loc":{"start":{"line":40,"column":31},"end":{"line":40,"column":54}},"type":"binary-expr","locations":[{"start":{"line":40,"column":31},"end":{"line":40,"column":45}},{"start":{"line":40,"column":49},"end":{"line":40,"column":54}}],"line":40},"4":{"loc":{"start":{"line":80,"column":40},"end":{"line":80,"column":74}},"type":"binary-expr","locations":[{"start":{"line":80,"column":40},"end":{"line":80,"column":50}},{"start":{"line":80,"column":54},"end":{"line":80,"column":74}}],"line":80},"5":{"loc":{"start":{"line":87,"column":47},"end":{"line":87,"column":76}},"type":"binary-expr","locations":[{"start":{"line":87,"column":47},"end":{"line":87,"column":57}},{"start":{"line":87,"column":61},"end":{"line":87,"column":76}}],"line":87},"6":{"loc":{"start":{"line":88,"column":48},"end":{"line":88,"column":77}},"type":"binary-expr","locations":[{"start":{"line":88,"column":48},"end":{"line":88,"column":58}},{"start":{"line":88,"column":62},"end":{"line":88,"column":77}}],"line":88},"7":{"loc":{"start":{"line":93,"column":51},"end":{"line":93,"column":80}},"type":"binary-expr","locations":[{"start":{"line":93,"column":51},"end":{"line":93,"column":61}},{"start":{"line":93,"column":65},"end":{"line":93,"column":80}}],"line":93},"8":{"loc":{"start":{"line":107,"column":51},"end":{"line":107,"column":80}},"type":"binary-expr","locations":[{"start":{"line":107,"column":51},"end":{"line":107,"column":61}},{"start":{"line":107,"column":65},"end":{"line":107,"column":80}}],"line":107},"9":{"loc":{"start":{"line":114,"column":66},"end":{"line":114,"column":95}},"type":"binary-expr","locations":[{"start":{"line":114,"column":66},"end":{"line":114,"column":76}},{"start":{"line":114,"column":80},"end":{"line":114,"column":95}}],"line":114}},"s":{"0":1,"1":6,"2":6,"3":6,"4":6,"5":3,"6":3,"7":3,"8":0,"9":3,"10":3,"11":3,"12":3,"13":3,"14":3,"15":0,"16":0,"17":3,"18":6,"19":1,"20":1,"21":1,"22":0,"23":6,"24":1,"25":6,"26":1,"27":6,"28":1,"29":6,"30":21,"31":18,"32":1},"f":{"0":6,"1":3,"2":3,"3":1,"4":1,"5":1,"6":1,"7":21,"8":18},"b":{"0":[0,3],"1":[3,0],"2":[3,0],"3":[3,0],"4":[6,0],"5":[6,0],"6":[6,0],"7":[6,0],"8":[6,0],"9":[18,0]},"_coverageSchema":"1a1c01bbd47fc00a2c39e90264f33305004495a9","hash":"c67f33b99155c00a3ea82a0f9487a324ea5d15f6"}
,"C:\\Users\\atiks\\Downloads\\STAC-IT\\STAC-IT\\src\\screens\\SignUpQuestions.tsx": {"path":"C:\\Users\\atiks\\Downloads\\STAC-IT\\STAC-IT\\src\\screens\\SignUpQuestions.tsx","statementMap":{"0":{"start":{"line":14,"column":56},"end":{"line":162,"column":1}},"1":{"start":{"line":15,"column":22},"end":{"line":21,"column":5}},"2":{"start":{"line":16,"column":8},"end":{"line":20,"column":10}},"3":{"start":{"line":22,"column":36},"end":{"line":22,"column":48}},"4":{"start":{"line":23,"column":38},"end":{"line":23,"column":58}},"5":{"start":{"line":24,"column":36},"end":{"line":24,"column":56}},"6":{"start":{"line":25,"column":48},"end":{"line":25,"column":63}},"7":{"start":{"line":27,"column":24},"end":{"line":37,"column":5}},"8":{"start":{"line":28,"column":22},"end":{"line":28,"column":32}},"9":{"start":{"line":29,"column":20},"end":{"line":29,"column":60}},"10":{"start":{"line":30,"column":32},"end":{"line":30,"column":66}},"11":{"start":{"line":31,"column":30},"end":{"line":31,"column":62}},"12":{"start":{"line":33,"column":8},"end":{"line":36,"column":10}},"13":{"start":{"line":39,"column":29},"end":{"line":43,"column":5}},"14":{"start":{"line":40,"column":8},"end":{"line":42,"column":9}},"15":{"start":{"line":41,"column":12},"end":{"line":41,"column":38}},"16":{"start":{"line":45,"column":24},"end":{"line":48,"column":5}},"17":{"start":{"line":46,"column":8},"end":{"line":46,"column":31}},"18":{"start":{"line":47,"column":8},"end":{"line":47,"column":33}},"19":{"start":{"line":50,"column":32},"end":{"line":53,"column":5}},"20":{"start":{"line":51,"column":8},"end":{"line":51,"column":31}},"21":{"start":{"line":52,"column":8},"end":{"line":52,"column":33}},"22":{"start":{"line":55,"column":25},"end":{"line":86,"column":5}},"23":{"start":{"line":56,"column":8},"end":{"line":59,"column":9}},"24":{"start":{"line":57,"column":12},"end":{"line":57,"column":68}},"25":{"start":{"line":58,"column":12},"end":{"line":58,"column":19}},"26":{"start":{"line":61,"column":8},"end":{"line":64,"column":9}},"27":{"start":{"line":62,"column":12},"end":{"line":62,"column":92}},"28":{"start":{"line":63,"column":12},"end":{"line":63,"column":19}},"29":{"start":{"line":66,"column":21},"end":{"line":66,"column":46}},"30":{"start":{"line":68,"column":8},"end":{"line":85,"column":9}},"31":{"start":{"line":69,"column":12},"end":{"line":82,"column":13}},"32":{"start":{"line":70,"column":16},"end":{"line":77,"column":18}},"33":{"start":{"line":79,"column":16},"end":{"line":79,"column":48}},"34":{"start":{"line":81,"column":16},"end":{"line":81,"column":84}},"35":{"start":{"line":84,"column":12},"end":{"line":84,"column":56}},"36":{"start":{"line":88,"column":19},"end":{"line":90,"column":5}},"37":{"start":{"line":89,"column":8},"end":{"line":89,"column":37}},"38":{"start":{"line":92,"column":4},"end":{"line":161,"column":6}},"39":{"start":{"line":111,"column":24},"end":{"line":111,"column":47}},"40":{"start":{"line":112,"column":24},"end":{"line":112,"column":48}},"41":{"start":{"line":166,"column":15},"end":{"line":261,"column":2}}},"fnMap":{"0":{"name":"(anonymous_0)","decl":{"start":{"line":14,"column":56},"end":{"line":14,"column":57}},"loc":{"start":{"line":14,"column":76},"end":{"line":162,"column":1}},"line":14},"1":{"name":"(anonymous_1)","decl":{"start":{"line":15,"column":22},"end":{"line":15,"column":23}},"loc":{"start":{"line":15,"column":28},"end":{"line":21,"column":5}},"line":15},"2":{"name":"(anonymous_2)","decl":{"start":{"line":27,"column":24},"end":{"line":27,"column":25}},"loc":{"start":{"line":27,"column":40},"end":{"line":37,"column":5}},"line":27},"3":{"name":"(anonymous_3)","decl":{"start":{"line":39,"column":29},"end":{"line":39,"column":30}},"loc":{"start":{"line":39,"column":66},"end":{"line":43,"column":5}},"line":39},"4":{"name":"(anonymous_4)","decl":{"start":{"line":45,"column":24},"end":{"line":45,"column":25}},"loc":{"start":{"line":45,"column":30},"end":{"line":48,"column":5}},"line":45},"5":{"name":"(anonymous_5)","decl":{"start":{"line":50,"column":32},"end":{"line":50,"column":33}},"loc":{"start":{"line":50,"column":38},"end":{"line":53,"column":5}},"line":50},"6":{"name":"(anonymous_6)","decl":{"start":{"line":55,"column":25},"end":{"line":55,"column":26}},"loc":{"start":{"line":55,"column":37},"end":{"line":86,"column":5}},"line":55},"7":{"name":"(anonymous_7)","decl":{"start":{"line":88,"column":19},"end":{"line":88,"column":20}},"loc":{"start":{"line":88,"column":25},"end":{"line":90,"column":5}},"line":88},"8":{"name":"(anonymous_8)","decl":{"start":{"line":110,"column":29},"end":{"line":110,"column":30}},"loc":{"start":{"line":110,"column":35},"end":{"line":113,"column":21}},"line":110}},"branchMap":{"0":{"loc":{"start":{"line":34,"column":12},"end":{"line":35,"column":98}},"type":"binary-expr","locations":[{"start":{"line":34,"column":12},"end":{"line":34,"column":20}},{"start":{"line":35,"column":13},"end":{"line":35,"column":23}},{"start":{"line":35,"column":28},"end":{"line":35,"column":47}},{"start":{"line":35,"column":52},"end":{"line":35,"column":73}},{"start":{"line":35,"column":77},"end":{"line":35,"column":95}}],"line":34},"1":{"loc":{"start":{"line":40,"column":8},"end":{"line":42,"column":9}},"type":"if","locations":[{"start":{"line":40,"column":8},"end":{"line":42,"column":9}},{"start":{},"end":{}}],"line":40},"2":{"loc":{"start":{"line":56,"column":8},"end":{"line":59,"column":9}},"type":"if","locations":[{"start":{"line":56,"column":8},"end":{"line":59,"column":9}},{"start":{},"end":{}}],"line":56},"3":{"loc":{"start":{"line":61,"column":8},"end":{"line":64,"column":9}},"type":"if","locations":[{"start":{"line":61,"column":8},"end":{"line":64,"column":9}},{"start":{},"end":{}}],"line":61},"4":{"loc":{"start":{"line":68,"column":8},"end":{"line":85,"column":9}},"type":"if","locations":[{"start":{"line":68,"column":8},"end":{"line":85,"column":9}},{"start":{"line":83,"column":15},"end":{"line":85,"column":9}}],"line":68},"5":{"loc":{"start":{"line":131,"column":13},"end":{"line":159,"column":13}},"type":"binary-expr","locations":[{"start":{"line":131,"column":13},"end":{"line":131,"column":27}},{"start":{"line":132,"column":16},"end":{"line":158,"column":24}}],"line":131},"6":{"loc":{"start":{"line":152,"column":41},"end":{"line":152,"column":86}},"type":"cond-expr","locations":[{"start":{"line":152,"column":65},"end":{"line":152,"column":74}},{"start":{"line":152,"column":77},"end":{"line":152,"column":86}}],"line":152},"7":{"loc":{"start":{"line":229,"column":23},"end":{"line":229,"column":53}},"type":"cond-expr","locations":[{"start":{"line":229,"column":47},"end":{"line":229,"column":49}},{"start":{"line":229,"column":52},"end":{"line":229,"column":53}}],"line":229}},"s":{"0":1,"1":9,"2":1,"3":9,"4":9,"5":9,"6":9,"7":9,"8":1,"9":1,"10":1,"11":1,"12":1,"13":9,"14":1,"15":1,"16":9,"17":1,"18":1,"19":9,"20":0,"21":0,"22":9,"23":2,"24":1,"25":1,"26":1,"27":0,"28":0,"29":1,"30":1,"31":1,"32":1,"33":1,"34":0,"35":0,"36":9,"37":1,"38":9,"39":1,"40":1,"41":1},"f":{"0":9,"1":1,"2":1,"3":1,"4":1,"5":0,"6":2,"7":1,"8":1},"b":{"0":[1,1,1,1,1],"1":[1,0],"2":[1,1],"3":[0,1],"4":[1,0],"5":[9,2],"6":[2,0],"7":[1,0]},"_coverageSchema":"1a1c01bbd47fc00a2c39e90264f33305004495a9","hash":"9cfaae63996766f3338532808a478b93068f14fd"}
}
