TN:
SF:FirebaseConfig.ts
FNF:0
FNH:0
DA:10,1
DA:20,1
DA:21,1
DA:22,1
LF:4
LH:4
BRF:0
BRH:0
end_of_record
TN:
SF:src\components\StacForm.tsx
FN:149,(anonymous_0)
FN:176,(anonymous_1)
FN:216,(anonymous_2)
FN:251,(anonymous_3)
FN:272,(anonymous_4)
FN:307,(anonymous_5)
FN:316,(anonymous_6)
FN:324,(anonymous_7)
FN:338,(anonymous_8)
FN:341,(anonymous_9)
FN:350,(anonymous_10)
FN:369,(anonymous_11)
FN:388,(anonymous_12)
FN:404,(anonymous_13)
FN:416,(anonymous_14)
FN:470,(anonymous_15)
FN:472,(anonymous_16)
FN:480,(anonymous_17)
FN:488,(anonymous_18)
FN:500,(anonymous_19)
FN:502,(anonymous_20)
FN:537,(anonymous_21)
FN:543,(anonymous_22)
FN:547,(anonymous_23)
FN:549,(anonymous_24)
FN:553,(anonymous_25)
FN:559,(anonymous_26)
FN:568,(anonymous_27)
FN:569,(anonymous_28)
FN:572,(anonymous_29)
FN:607,(anonymous_30)
FN:615,(anonymous_31)
FN:638,(anonymous_32)
FN:643,(anonymous_33)
FN:656,(anonymous_34)
FN:663,(anonymous_35)
FN:677,(anonymous_36)
FN:679,(anonymous_37)
FN:685,(anonymous_38)
FN:687,(anonymous_39)
FN:689,(anonymous_40)
FN:695,(anonymous_41)
FN:697,(anonymous_42)
FN:706,(anonymous_43)
FN:709,(anonymous_44)
FN:711,(anonymous_45)
FN:715,(anonymous_46)
FN:717,(anonymous_47)
FN:726,(anonymous_48)
FN:737,(anonymous_49)
FN:745,(anonymous_50)
FN:750,(anonymous_51)
FN:781,(anonymous_52)
FN:790,(anonymous_53)
FN:795,(anonymous_54)
FN:800,(anonymous_55)
FN:812,(anonymous_56)
FN:832,(anonymous_57)
FN:833,(anonymous_58)
FN:850,(anonymous_59)
FN:851,(anonymous_60)
FN:862,(anonymous_61)
FN:877,(anonymous_62)
FN:902,(anonymous_63)
FN:903,(anonymous_64)
FN:920,(anonymous_65)
FN:921,(anonymous_66)
FN:931,(anonymous_67)
FN:945,(anonymous_68)
FN:978,(anonymous_69)
FN:981,(anonymous_70)
FN:993,(anonymous_71)
FN:997,(anonymous_72)
FN:1021,(anonymous_73)
FN:1026,(anonymous_74)
FN:1030,(anonymous_75)
FN:1035,(anonymous_76)
FN:1039,(anonymous_77)
FN:1045,(anonymous_78)
FN:1061,(anonymous_79)
FN:1070,(anonymous_80)
FN:1090,(anonymous_81)
FN:1099,(anonymous_82)
FN:1113,(anonymous_83)
FN:1117,(anonymous_84)
FN:1118,(anonymous_85)
FN:1122,(anonymous_86)
FNF:87
FNH:35
FNDA:20,(anonymous_0)
FNDA:20,(anonymous_1)
FNDA:1,(anonymous_2)
FNDA:5,(anonymous_3)
FNDA:3,(anonymous_4)
FNDA:2,(anonymous_5)
FNDA:0,(anonymous_6)
FNDA:0,(anonymous_7)
FNDA:0,(anonymous_8)
FNDA:0,(anonymous_9)
FNDA:0,(anonymous_10)
FNDA:1,(anonymous_11)
FNDA:1,(anonymous_12)
FNDA:1,(anonymous_13)
FNDA:1,(anonymous_14)
FNDA:0,(anonymous_15)
FNDA:0,(anonymous_16)
FNDA:0,(anonymous_17)
FNDA:0,(anonymous_18)
FNDA:0,(anonymous_19)
FNDA:0,(anonymous_20)
FNDA:0,(anonymous_21)
FNDA:0,(anonymous_22)
FNDA:0,(anonymous_23)
FNDA:0,(anonymous_24)
FNDA:1,(anonymous_25)
FNDA:0,(anonymous_26)
FNDA:0,(anonymous_27)
FNDA:0,(anonymous_28)
FNDA:0,(anonymous_29)
FNDA:0,(anonymous_30)
FNDA:0,(anonymous_31)
FNDA:1,(anonymous_32)
FNDA:4,(anonymous_33)
FNDA:1,(anonymous_34)
FNDA:1,(anonymous_35)
FNDA:1,(anonymous_36)
FNDA:1,(anonymous_37)
FNDA:2,(anonymous_38)
FNDA:2,(anonymous_39)
FNDA:2,(anonymous_40)
FNDA:0,(anonymous_41)
FNDA:0,(anonymous_42)
FNDA:0,(anonymous_43)
FNDA:0,(anonymous_44)
FNDA:0,(anonymous_45)
FNDA:0,(anonymous_46)
FNDA:0,(anonymous_47)
FNDA:3,(anonymous_48)
FNDA:0,(anonymous_49)
FNDA:1,(anonymous_50)
FNDA:1,(anonymous_51)
FNDA:0,(anonymous_52)
FNDA:0,(anonymous_53)
FNDA:0,(anonymous_54)
FNDA:0,(anonymous_55)
FNDA:0,(anonymous_56)
FNDA:1,(anonymous_57)
FNDA:0,(anonymous_58)
FNDA:1,(anonymous_59)
FNDA:0,(anonymous_60)
FNDA:1,(anonymous_61)
FNDA:1,(anonymous_62)
FNDA:1,(anonymous_63)
FNDA:0,(anonymous_64)
FNDA:1,(anonymous_65)
FNDA:0,(anonymous_66)
FNDA:0,(anonymous_67)
FNDA:0,(anonymous_68)
FNDA:20,(anonymous_69)
FNDA:40,(anonymous_70)
FNDA:1,(anonymous_71)
FNDA:0,(anonymous_72)
FNDA:0,(anonymous_73)
FNDA:0,(anonymous_74)
FNDA:0,(anonymous_75)
FNDA:180,(anonymous_76)
FNDA:1,(anonymous_77)
FNDA:0,(anonymous_78)
FNDA:0,(anonymous_79)
FNDA:1,(anonymous_80)
FNDA:0,(anonymous_81)
FNDA:0,(anonymous_82)
FNDA:0,(anonymous_83)
FNDA:0,(anonymous_84)
FNDA:0,(anonymous_85)
FNDA:0,(anonymous_86)
DA:85,1
DA:138,1
DA:149,1
DA:163,20
DA:164,20
DA:165,20
DA:166,20
DA:167,20
DA:168,20
DA:169,20
DA:170,20
DA:171,20
DA:172,20
DA:173,20
DA:174,20
DA:176,20
DA:177,20
DA:179,1
DA:187,20
DA:188,20
DA:189,20
DA:190,20
DA:191,20
DA:192,20
DA:193,20
DA:194,20
DA:195,20
DA:198,20
DA:204,20
DA:211,20
DA:212,20
DA:213,20
DA:214,20
DA:216,20
DA:217,1
DA:218,0
DA:219,0
DA:220,0
DA:221,0
DA:222,0
DA:223,0
DA:224,0
DA:225,0
DA:226,0
DA:227,0
DA:228,0
DA:229,0
DA:230,0
DA:231,0
DA:232,0
DA:233,0
DA:236,0
DA:242,0
DA:251,20
DA:252,5
DA:253,4
DA:254,4
DA:257,4
DA:258,1
DA:259,3
DA:260,0
DA:263,4
DA:264,4
DA:265,4
DA:268,1
DA:272,20
DA:273,3
DA:274,2
DA:275,2
DA:278,2
DA:279,2
DA:280,0
DA:281,0
DA:284,2
DA:285,2
DA:286,2
DA:289,2
DA:290,2
DA:294,1
DA:299,20
DA:300,20
DA:301,20
DA:302,20
DA:303,20
DA:305,20
DA:307,20
DA:308,2
DA:309,2
DA:310,2
DA:311,2
DA:312,2
DA:313,2
DA:316,20
DA:317,0
DA:318,0
DA:319,0
DA:321,0
DA:324,20
DA:325,0
DA:326,0
DA:327,0
DA:328,0
DA:330,0
DA:332,0
DA:333,0
DA:334,0
DA:335,0
DA:336,0
DA:338,0
DA:339,0
DA:340,0
DA:341,0
DA:343,0
DA:344,0
DA:350,0
DA:351,0
DA:352,0
DA:356,0
DA:358,0
DA:359,0
DA:369,20
DA:370,1
DA:371,0
DA:372,0
DA:375,1
DA:376,0
DA:377,0
DA:380,1
DA:381,0
DA:382,0
DA:385,1
DA:388,20
DA:389,1
DA:390,1
DA:397,0
DA:399,0
DA:400,0
DA:404,20
DA:405,1
DA:406,1
DA:408,1
DA:409,0
DA:410,0
DA:416,1
DA:418,1
DA:419,1
DA:420,1
DA:421,1
DA:423,1
DA:435,1
DA:447,1
DA:450,0
DA:451,0
DA:452,0
DA:453,0
DA:454,0
DA:455,0
DA:456,0
DA:458,0
DA:459,0
DA:460,0
DA:462,0
DA:463,0
DA:465,0
DA:470,20
DA:471,0
DA:472,0
DA:473,0
DA:475,0
DA:476,0
DA:480,20
DA:481,0
DA:482,0
DA:483,0
DA:484,0
DA:487,0
DA:488,0
DA:489,0
DA:490,0
DA:494,0
DA:495,0
DA:496,0
DA:499,0
DA:500,0
DA:501,0
DA:502,0
DA:510,0
DA:511,0
DA:512,0
DA:527,0
DA:528,0
DA:529,0
DA:530,0
DA:532,0
DA:533,0
DA:537,20
DA:538,0
DA:539,0
DA:540,0
DA:543,20
DA:544,0
DA:547,20
DA:548,0
DA:549,0
DA:550,0
DA:553,20
DA:554,1
DA:555,1
DA:556,1
DA:559,20
DA:560,0
DA:561,0
DA:562,0
DA:565,0
DA:566,0
DA:567,0
DA:568,0
DA:569,0
DA:572,0
DA:573,0
DA:575,0
DA:587,0
DA:590,0
DA:591,0
DA:592,0
DA:593,0
DA:594,0
DA:595,0
DA:596,0
DA:598,0
DA:600,0
DA:601,0
DA:603,0
DA:607,20
DA:608,0
DA:616,0
DA:617,0
DA:618,0
DA:619,0
DA:620,0
DA:621,0
DA:622,0
DA:623,0
DA:624,0
DA:625,0
DA:626,0
DA:627,0
DA:628,0
DA:629,0
DA:630,0
DA:631,0
DA:632,0
DA:638,20
DA:639,1
DA:643,20
DA:645,4
DA:646,0
DA:649,4
DA:651,2
DA:652,0
DA:655,2
DA:656,1
DA:663,1
DA:670,2
DA:672,2
DA:673,0
DA:676,2
DA:677,1
DA:679,1
DA:685,20
DA:686,2
DA:687,2
DA:689,2
DA:690,2
DA:691,1
DA:695,0
DA:697,0
DA:698,0
DA:699,0
DA:706,20
DA:707,0
DA:708,0
DA:709,0
DA:710,0
DA:711,0
DA:714,0
DA:715,0
DA:716,0
DA:717,0
DA:722,0
DA:726,20
DA:727,3
DA:728,2
DA:729,0
DA:730,0
DA:733,3
DA:737,20
DA:739,0
DA:740,0
DA:745,20
DA:746,1
DA:750,20
DA:751,1
DA:752,1
DA:755,20
DA:781,0
DA:790,0
DA:795,0
DA:801,0
DA:802,0
DA:813,0
DA:832,1
DA:833,0
DA:850,1
DA:851,0
DA:862,1
DA:877,1
DA:902,1
DA:903,0
DA:920,1
DA:921,0
DA:931,0
DA:945,0
DA:979,20
DA:983,40
DA:984,0
DA:987,40
DA:993,1
DA:997,0
DA:1021,0
DA:1026,0
DA:1030,0
DA:1036,180
DA:1039,1
DA:1045,0
DA:1062,0
DA:1063,0
DA:1071,1
DA:1072,1
DA:1090,0
DA:1100,0
DA:1114,0
DA:1118,0
DA:1119,0
DA:1120,0
DA:1121,0
DA:1122,0
DA:1124,0
DA:1126,0
DA:1185,1
LF:350
LH:151
BRDA:154,0,0,20
BRDA:155,1,0,20
BRDA:156,2,0,20
BRDA:157,3,0,20
BRDA:158,4,0,20
BRDA:159,5,0,20
BRDA:160,6,0,20
BRDA:161,7,0,20
BRDA:177,8,0,19
BRDA:177,8,1,1
BRDA:217,9,0,0
BRDA:217,9,1,1
BRDA:252,10,0,4
BRDA:252,10,1,1
BRDA:252,11,0,5
BRDA:252,11,1,4
BRDA:257,12,0,1
BRDA:257,12,1,3
BRDA:257,13,0,4
BRDA:257,13,1,1
BRDA:259,14,0,0
BRDA:259,14,1,3
BRDA:259,15,0,3
BRDA:259,15,1,3
BRDA:273,16,0,2
BRDA:273,16,1,1
BRDA:273,17,0,3
BRDA:273,17,1,2
BRDA:278,18,0,2
BRDA:278,18,1,0
BRDA:278,19,0,2
BRDA:278,19,1,2
BRDA:280,20,0,0
BRDA:280,20,1,0
BRDA:280,21,0,0
BRDA:280,21,1,0
BRDA:289,22,0,2
BRDA:289,22,1,0
BRDA:308,23,0,0
BRDA:308,23,1,2
BRDA:311,24,0,2
BRDA:311,24,1,0
BRDA:312,25,0,2
BRDA:312,25,1,0
BRDA:317,26,0,0
BRDA:317,26,1,0
BRDA:317,27,0,0
BRDA:317,27,1,0
BRDA:327,28,0,0
BRDA:327,28,1,0
BRDA:327,29,0,0
BRDA:327,29,1,0
BRDA:330,30,0,0
BRDA:330,30,1,0
BRDA:343,31,0,0
BRDA:343,31,1,0
BRDA:343,32,0,0
BRDA:343,32,1,0
BRDA:345,33,0,0
BRDA:345,33,1,0
BRDA:346,34,0,0
BRDA:346,34,1,0
BRDA:352,35,0,0
BRDA:352,35,1,0
BRDA:370,36,0,0
BRDA:370,36,1,1
BRDA:370,37,0,1
BRDA:370,37,1,1
BRDA:370,37,2,1
BRDA:370,37,3,1
BRDA:370,37,4,1
BRDA:370,37,5,1
BRDA:375,38,0,0
BRDA:375,38,1,1
BRDA:380,39,0,0
BRDA:380,39,1,1
BRDA:380,40,0,1
BRDA:380,40,1,1
BRDA:408,41,0,0
BRDA:408,41,1,1
BRDA:419,42,0,1
BRDA:419,42,1,0
BRDA:482,43,0,0
BRDA:482,43,1,0
BRDA:489,44,0,0
BRDA:489,44,1,0
BRDA:494,45,0,0
BRDA:494,45,1,0
BRDA:501,46,0,0
BRDA:501,46,1,0
BRDA:504,47,0,0
BRDA:504,47,1,0
BRDA:505,48,0,0
BRDA:505,48,1,0
BRDA:529,49,0,0
BRDA:529,49,1,0
BRDA:538,50,0,0
BRDA:538,50,1,0
BRDA:548,51,0,0
BRDA:548,51,1,0
BRDA:560,52,0,0
BRDA:560,52,1,0
BRDA:560,53,0,0
BRDA:560,53,1,0
BRDA:560,53,2,0
BRDA:573,54,0,0
BRDA:573,54,1,0
BRDA:585,55,0,0
BRDA:585,55,1,0
BRDA:645,56,0,0
BRDA:645,56,1,4
BRDA:649,57,0,2
BRDA:649,57,1,2
BRDA:651,58,0,0
BRDA:651,58,1,2
BRDA:651,59,0,2
BRDA:651,59,1,2
BRDA:651,59,2,2
BRDA:655,60,0,1
BRDA:655,60,1,1
BRDA:660,61,0,1
BRDA:660,61,1,0
BRDA:667,62,0,1
BRDA:667,62,1,0
BRDA:670,63,0,2
BRDA:670,63,1,0
BRDA:672,64,0,0
BRDA:672,64,1,2
BRDA:672,65,0,2
BRDA:672,65,1,2
BRDA:672,65,2,2
BRDA:676,66,0,1
BRDA:676,66,1,1
BRDA:686,67,0,2
BRDA:686,67,1,0
BRDA:690,68,0,1
BRDA:690,68,1,1
BRDA:690,69,0,2
BRDA:690,69,1,2
BRDA:698,70,0,0
BRDA:698,70,1,0
BRDA:698,71,0,0
BRDA:698,71,1,0
BRDA:707,72,0,0
BRDA:707,72,1,0
BRDA:708,73,0,0
BRDA:708,73,1,0
BRDA:708,74,0,0
BRDA:708,74,1,0
BRDA:710,75,0,0
BRDA:710,75,1,0
BRDA:710,76,0,0
BRDA:710,76,1,0
BRDA:714,77,0,0
BRDA:714,77,1,0
BRDA:714,78,0,0
BRDA:714,78,1,0
BRDA:716,79,0,0
BRDA:716,79,1,0
BRDA:716,80,0,0
BRDA:716,80,1,0
BRDA:727,81,0,2
BRDA:727,81,1,1
BRDA:727,82,0,3
BRDA:727,82,1,3
BRDA:728,83,0,0
BRDA:728,83,1,2
BRDA:739,84,0,0
BRDA:739,84,1,0
BRDA:759,85,0,20
BRDA:759,85,1,0
BRDA:813,86,0,0
BRDA:813,86,1,0
BRDA:861,87,0,20
BRDA:861,87,1,14
BRDA:867,88,0,20
BRDA:867,88,1,14
BRDA:876,89,0,20
BRDA:876,89,1,6
BRDA:882,90,0,20
BRDA:882,90,1,6
BRDA:930,91,0,20
BRDA:930,91,1,0
BRDA:936,92,0,20
BRDA:936,92,1,0
BRDA:944,93,0,20
BRDA:944,93,1,20
BRDA:950,94,0,20
BRDA:950,94,1,20
BRDA:983,95,0,0
BRDA:983,95,1,40
BRDA:996,96,0,20
BRDA:996,96,1,0
BRDA:1001,97,0,20
BRDA:1001,97,1,20
BRDA:1011,98,0,3
BRDA:1011,98,1,17
BRDA:1012,99,0,3
BRDA:1012,99,1,17
BRDA:1069,100,0,20
BRDA:1069,100,1,1
BRDA:1076,101,0,1
BRDA:1076,101,1,19
BRDA:1095,102,0,20
BRDA:1095,102,1,1
BRDA:1098,103,0,0
BRDA:1098,103,1,20
BRDA:1103,104,0,0
BRDA:1103,104,1,0
BRDA:1112,105,0,0
BRDA:1112,105,1,0
BRDA:1120,106,0,0
BRDA:1120,106,1,0
BRDA:1121,107,0,0
BRDA:1121,107,1,0
BRDA:1131,108,0,0
BRDA:1131,108,1,0
BRDA:1138,109,0,0
BRDA:1138,109,1,0
BRDA:1142,110,0,0
BRDA:1142,110,1,0
BRDA:1164,111,0,1
BRDA:1164,111,1,19
BRDA:1168,112,0,1
BRDA:1168,112,1,19
BRF:225
BRH:108
end_of_record
TN:
SF:src\screens\CreateAccount.tsx
FN:21,(anonymous_0)
FN:33,(anonymous_1)
FN:36,(anonymous_2)
FN:36,(anonymous_3)
FN:40,(anonymous_4)
FN:43,(anonymous_5)
FN:52,(anonymous_6)
FN:61,(anonymous_7)
FN:98,(anonymous_8)
FN:114,(anonymous_9)
FN:126,(anonymous_10)
FN:134,(anonymous_11)
FN:141,(anonymous_12)
FN:154,(anonymous_13)
FNF:14
FNH:10
FNDA:16,(anonymous_0)
FNDA:8,(anonymous_1)
FNDA:0,(anonymous_2)
FNDA:0,(anonymous_3)
FNDA:8,(anonymous_4)
FNDA:3,(anonymous_5)
FNDA:3,(anonymous_6)
FNDA:2,(anonymous_7)
FNDA:0,(anonymous_8)
FNDA:1,(anonymous_9)
FNDA:3,(anonymous_10)
FNDA:3,(anonymous_11)
FNDA:0,(anonymous_12)
FNDA:1,(anonymous_13)
DA:21,1
DA:22,16
DA:23,16
DA:24,16
DA:25,16
DA:26,16
DA:27,16
DA:28,16
DA:29,16
DA:31,16
DA:33,16
DA:35,8
DA:36,1
DA:37,7
DA:38,0
DA:40,8
DA:43,16
DA:44,3
DA:45,3
DA:46,1
DA:48,2
DA:52,16
DA:53,3
DA:54,3
DA:55,1
DA:57,2
DA:61,16
DA:62,2
DA:63,1
DA:64,1
DA:67,1
DA:68,1
DA:69,1
DA:70,1
DA:73,1
DA:74,1
DA:75,1
DA:78,1
DA:81,1
DA:82,1
DA:88,0
DA:89,0
DA:92,0
DA:93,0
DA:95,1
DA:98,16
DA:99,0
DA:100,0
DA:101,0
DA:102,0
DA:103,0
DA:104,0
DA:106,0
DA:107,0
DA:109,0
DA:110,0
DA:114,16
DA:115,1
DA:118,16
DA:119,16
DA:121,16
DA:126,3
DA:134,3
DA:141,0
DA:154,1
DA:189,1
LF:66
LH:50
BRDA:35,0,0,1
BRDA:35,0,1,7
BRDA:37,1,0,0
BRDA:37,1,1,7
BRDA:45,2,0,1
BRDA:45,2,1,2
BRDA:54,3,0,1
BRDA:54,3,1,2
BRDA:62,4,0,1
BRDA:62,4,1,1
BRDA:99,5,0,0
BRDA:99,5,1,0
BRDA:99,6,0,0
BRDA:99,6,1,0
BRDA:109,7,0,0
BRDA:109,7,1,0
BRDA:143,8,0,0
BRDA:143,8,1,16
BRDA:149,9,0,1
BRDA:149,9,1,15
BRDA:155,10,0,4
BRDA:155,10,1,11
BRDA:170,11,0,15
BRDA:170,11,1,1
BRDA:170,11,2,1
BRDA:173,12,0,15
BRDA:173,12,1,1
BRDA:173,12,2,0
BRF:28
BRH:19
end_of_record
TN:
SF:src\screens\CreateStack.tsx
FN:12,(anonymous_0)
FN:19,(anonymous_1)
FN:29,(anonymous_2)
FNF:3
FNH:2
FNDA:3,(anonymous_0)
FNDA:1,(anonymous_1)
FNDA:0,(anonymous_2)
DA:12,1
DA:13,3
DA:15,3
DA:20,1
DA:29,0
DA:35,1
LF:6
LH:5
BRF:0
BRH:0
end_of_record
TN:
SF:src\screens\ForgetPassword.tsx
FN:19,(anonymous_0)
FN:25,(anonymous_1)
FN:28,(anonymous_2)
FN:28,(anonymous_3)
FN:32,(anonymous_4)
FN:35,(anonymous_5)
FN:93,(anonymous_6)
FNF:7
FNH:5
FNDA:12,(anonymous_0)
FNDA:7,(anonymous_1)
FNDA:0,(anonymous_2)
FNDA:0,(anonymous_3)
FNDA:7,(anonymous_4)
FNDA:2,(anonymous_5)
FNDA:1,(anonymous_6)
DA:19,1
DA:20,12
DA:21,12
DA:22,12
DA:23,12
DA:25,12
DA:27,7
DA:28,2
DA:29,5
DA:30,0
DA:32,7
DA:35,12
DA:36,2
DA:37,2
DA:38,2
DA:40,2
DA:41,2
DA:42,2
DA:44,2
DA:45,1
DA:46,1
DA:48,1
DA:50,1
DA:51,1
DA:52,0
DA:53,0
DA:54,0
DA:55,0
DA:57,0
DA:60,2
DA:64,12
DA:93,1
DA:102,1
LF:33
LH:27
BRDA:27,0,0,2
BRDA:27,0,1,5
BRDA:29,1,0,0
BRDA:29,1,1,5
BRDA:50,2,0,1
BRDA:50,2,1,0
BRDA:52,3,0,0
BRDA:52,3,1,0
BRDA:54,4,0,0
BRDA:54,4,1,0
BRDA:75,5,0,2
BRDA:75,5,1,10
BRDA:82,6,0,12
BRDA:82,6,1,1
BRDA:82,6,2,1
BRDA:85,7,0,12
BRDA:85,7,1,1
BRDA:85,7,2,0
BRF:18
BRH:11
end_of_record
TN:
SF:src\screens\HomePage.tsx
FN:48,(anonymous_0)
FN:57,(anonymous_1)
FN:80,(anonymous_2)
FN:95,(anonymous_3)
FN:125,(anonymous_4)
FN:130,(anonymous_5)
FN:142,(anonymous_6)
FN:147,(anonymous_7)
FN:149,(anonymous_8)
FN:160,(anonymous_9)
FN:166,(anonymous_10)
FN:168,(anonymous_11)
FN:183,(anonymous_12)
FN:188,(anonymous_13)
FN:195,(anonymous_14)
FN:204,(anonymous_15)
FN:291,(anonymous_16)
FN:303,(anonymous_17)
FN:308,(anonymous_18)
FN:319,(anonymous_19)
FN:335,(anonymous_20)
FN:365,(anonymous_21)
FN:373,(anonymous_22)
FN:392,(anonymous_23)
FN:397,(anonymous_24)
FN:406,(anonymous_25)
FN:418,(anonymous_26)
FN:436,(anonymous_27)
FN:438,(anonymous_28)
FN:478,(anonymous_29)
FN:493,(anonymous_30)
FN:519,(anonymous_31)
FNF:32
FNH:8
FNDA:9,(anonymous_0)
FNDA:0,(anonymous_1)
FNDA:3,(anonymous_2)
FNDA:6,(anonymous_3)
FNDA:3,(anonymous_4)
FNDA:0,(anonymous_5)
FNDA:0,(anonymous_6)
FNDA:0,(anonymous_7)
FNDA:0,(anonymous_8)
FNDA:18,(anonymous_9)
FNDA:12,(anonymous_10)
FNDA:0,(anonymous_11)
FNDA:0,(anonymous_12)
FNDA:2,(anonymous_13)
FNDA:1,(anonymous_14)
FNDA:0,(anonymous_15)
FNDA:0,(anonymous_16)
FNDA:0,(anonymous_17)
FNDA:0,(anonymous_18)
FNDA:0,(anonymous_19)
FNDA:0,(anonymous_20)
FNDA:0,(anonymous_21)
FNDA:0,(anonymous_22)
FNDA:0,(anonymous_23)
FNDA:0,(anonymous_24)
FNDA:0,(anonymous_25)
FNDA:0,(anonymous_26)
FNDA:0,(anonymous_27)
FNDA:0,(anonymous_28)
FNDA:0,(anonymous_29)
FNDA:0,(anonymous_30)
FNDA:0,(anonymous_31)
DA:48,1
DA:49,9
DA:50,9
DA:51,9
DA:52,9
DA:53,9
DA:54,9
DA:55,9
DA:57,9
DA:58,0
DA:59,0
DA:61,0
DA:62,0
DA:63,0
DA:64,0
DA:65,0
DA:66,0
DA:68,0
DA:69,0
DA:74,0
DA:76,0
DA:80,9
DA:81,3
DA:82,3
DA:84,3
DA:85,3
DA:86,3
DA:88,3
DA:89,3
DA:90,3
DA:92,3
DA:93,3
DA:95,3
DA:96,6
DA:97,6
DA:99,6
DA:100,6
DA:102,6
DA:106,6
DA:108,6
DA:109,0
DA:111,6
DA:116,3
DA:117,3
DA:119,0
DA:120,0
DA:124,9
DA:126,3
DA:130,9
DA:131,0
DA:132,0
DA:133,0
DA:134,0
DA:135,0
DA:137,0
DA:138,0
DA:142,9
DA:143,0
DA:144,0
DA:147,9
DA:148,0
DA:149,0
DA:150,0
DA:151,0
DA:157,0
DA:160,9
DA:161,18
DA:167,12
DA:168,0
DA:178,9
DA:183,0
DA:188,2
DA:195,1
DA:204,0
DA:291,0
DA:303,0
DA:308,0
DA:320,0
DA:336,0
DA:337,0
DA:365,0
DA:373,0
DA:392,1
DA:393,0
DA:394,0
DA:395,0
DA:397,0
DA:398,0
DA:407,0
DA:408,0
DA:409,0
DA:410,0
DA:416,0
DA:418,0
DA:419,0
DA:420,0
DA:424,0
DA:425,0
DA:426,0
DA:428,0
DA:429,0
DA:436,0
DA:437,0
DA:438,0
DA:439,0
DA:440,0
DA:446,0
DA:449,0
DA:479,0
DA:494,0
DA:495,0
DA:519,0
DA:527,1
LF:113
LH:44
BRDA:61,0,0,0
BRDA:61,0,1,0
BRDA:65,1,0,0
BRDA:65,1,1,0
BRDA:82,2,0,0
BRDA:82,2,1,3
BRDA:97,3,0,0
BRDA:97,3,1,6
BRDA:102,4,0,6
BRDA:102,4,1,0
BRDA:103,5,0,6
BRDA:103,5,1,6
BRDA:103,5,2,0
BRDA:103,5,3,0
BRDA:108,6,0,0
BRDA:108,6,1,6
BRDA:148,7,0,0
BRDA:148,7,1,0
BRDA:148,8,0,0
BRDA:148,8,1,0
BRDA:150,9,0,0
BRDA:150,9,1,0
BRDA:152,10,0,0
BRDA:152,10,1,0
BRDA:153,11,0,0
BRDA:153,11,1,0
BRDA:163,12,0,12
BRDA:163,12,1,6
BRDA:306,13,0,9
BRDA:306,13,1,0
BRDA:318,14,0,0
BRDA:318,14,1,0
BRDA:319,15,0,0
BRDA:319,15,1,0
BRDA:325,16,0,0
BRDA:325,16,1,0
BRDA:325,16,2,0
BRDA:344,17,0,0
BRDA:344,17,1,0
BRDA:348,18,0,0
BRDA:348,18,1,0
BRDA:419,19,0,0
BRDA:419,19,1,0
BRDA:437,20,0,0
BRDA:437,20,1,0
BRDA:437,21,0,0
BRDA:437,21,1,0
BRDA:439,22,0,0
BRDA:439,22,1,0
BRDA:441,23,0,0
BRDA:441,23,1,0
BRDA:442,24,0,0
BRDA:442,24,1,0
BRDA:475,25,0,0
BRDA:475,25,1,0
BRDA:475,25,2,0
BRDA:478,26,0,0
BRDA:478,26,1,0
BRDA:484,27,0,0
BRDA:484,27,1,0
BRDA:484,27,2,0
BRDA:498,28,0,0
BRDA:498,28,1,0
BRDA:499,29,0,0
BRDA:499,29,1,0
BRF:65
BRH:9
end_of_record
TN:
SF:src\screens\Landing.tsx
FN:9,(anonymous_0)
FN:17,(anonymous_1)
FNF:2
FNH:2
FNDA:2,(anonymous_0)
FNDA:1,(anonymous_1)
DA:9,1
DA:10,2
DA:17,1
DA:25,1
LF:4
LH:4
BRF:0
BRH:0
end_of_record
TN:
SF:src\screens\Login.tsx
FN:26,(anonymous_0)
FN:35,(anonymous_1)
FN:44,(anonymous_2)
FN:55,(anonymous_3)
FN:79,(anonymous_4)
FN:83,(anonymous_5)
FN:96,(anonymous_6)
FN:111,(anonymous_7)
FNF:8
FNH:8
FNDA:13,(anonymous_0)
FNDA:3,(anonymous_1)
FNDA:1,(anonymous_2)
FNDA:1,(anonymous_3)
FNDA:1,(anonymous_4)
FNDA:1,(anonymous_5)
FNDA:3,(anonymous_6)
FNDA:1,(anonymous_7)
DA:26,1
DA:27,13
DA:28,13
DA:29,13
DA:30,13
DA:31,13
DA:33,13
DA:35,13
DA:36,3
DA:37,3
DA:38,1
DA:40,2
DA:44,13
DA:45,1
DA:46,1
DA:48,1
DA:49,1
DA:50,1
DA:52,0
DA:55,13
DA:56,1
DA:57,1
DA:58,1
DA:59,1
DA:61,1
DA:62,1
DA:63,1
DA:64,1
DA:66,0
DA:69,0
DA:73,0
DA:74,0
DA:76,1
DA:79,13
DA:80,1
DA:83,13
DA:84,1
DA:87,13
DA:88,13
DA:90,13
DA:96,3
DA:111,1
DA:144,1
LF:43
LH:38
BRDA:37,0,0,1
BRDA:37,0,1,2
BRDA:48,1,0,1
BRDA:48,1,1,0
BRDA:50,2,0,1
BRDA:50,2,1,1
BRDA:61,3,0,1
BRDA:61,3,1,0
BRDA:63,4,0,1
BRDA:63,4,1,0
BRDA:114,5,0,1
BRDA:114,5,1,12
BRDA:120,6,0,1
BRDA:120,6,1,12
BRF:14
BRH:11
end_of_record
TN:
SF:src\screens\Profile.tsx
FN:13,(anonymous_0)
FN:27,(anonymous_1)
FN:28,(anonymous_2)
FN:55,(anonymous_3)
FN:67,(anonymous_4)
FN:71,(anonymous_5)
FN:75,(anonymous_6)
FN:110,(anonymous_7)
FN:111,(anonymous_8)
FNF:9
FNH:9
FNDA:6,(anonymous_0)
FNDA:3,(anonymous_1)
FNDA:3,(anonymous_2)
FNDA:1,(anonymous_3)
FNDA:1,(anonymous_4)
FNDA:1,(anonymous_5)
FNDA:1,(anonymous_6)
FNDA:21,(anonymous_7)
FNDA:18,(anonymous_8)
DA:13,1
DA:14,6
DA:15,6
DA:21,6
DA:27,6
DA:28,3
DA:29,3
DA:30,3
DA:32,3
DA:33,3
DA:34,3
DA:36,3
DA:37,3
DA:38,3
DA:44,0
DA:47,0
DA:51,3
DA:55,6
DA:56,1
DA:57,1
DA:58,1
DA:63,0
DA:67,6
DA:68,1
DA:71,6
DA:72,1
DA:75,6
DA:76,1
DA:79,6
DA:110,21
DA:112,18
DA:130,1
LF:32
LH:29
BRDA:30,0,0,0
BRDA:30,0,1,3
BRDA:36,1,0,3
BRDA:36,1,1,0
BRDA:39,2,0,3
BRDA:39,2,1,0
BRDA:40,3,0,3
BRDA:40,3,1,0
BRDA:80,4,0,6
BRDA:80,4,1,0
BRDA:87,5,0,6
BRDA:87,5,1,0
BRDA:88,6,0,6
BRDA:88,6,1,0
BRDA:93,7,0,6
BRDA:93,7,1,0
BRDA:107,8,0,6
BRDA:107,8,1,0
BRDA:114,9,0,18
BRDA:114,9,1,0
BRF:20
BRH:10
end_of_record
TN:
SF:src\screens\SignUpQuestions.tsx
FN:14,(anonymous_0)
FN:15,(anonymous_1)
FN:27,(anonymous_2)
FN:39,(anonymous_3)
FN:45,(anonymous_4)
FN:50,(anonymous_5)
FN:55,(anonymous_6)
FN:88,(anonymous_7)
FN:110,(anonymous_8)
FNF:9
FNH:8
FNDA:9,(anonymous_0)
FNDA:1,(anonymous_1)
FNDA:1,(anonymous_2)
FNDA:1,(anonymous_3)
FNDA:1,(anonymous_4)
FNDA:0,(anonymous_5)
FNDA:2,(anonymous_6)
FNDA:1,(anonymous_7)
FNDA:1,(anonymous_8)
DA:14,1
DA:15,9
DA:16,1
DA:22,9
DA:23,9
DA:24,9
DA:25,9
DA:27,9
DA:28,1
DA:29,1
DA:30,1
DA:31,1
DA:33,1
DA:39,9
DA:40,1
DA:41,1
DA:45,9
DA:46,1
DA:47,1
DA:50,9
DA:51,0
DA:52,0
DA:55,9
DA:56,2
DA:57,1
DA:58,1
DA:61,1
DA:62,0
DA:63,0
DA:66,1
DA:68,1
DA:69,1
DA:70,1
DA:79,1
DA:81,0
DA:84,0
DA:88,9
DA:89,1
DA:92,9
DA:111,1
DA:112,1
DA:166,1
LF:42
LH:36
BRDA:34,0,0,1
BRDA:34,0,1,1
BRDA:34,0,2,1
BRDA:34,0,3,1
BRDA:34,0,4,1
BRDA:40,1,0,1
BRDA:40,1,1,0
BRDA:56,2,0,1
BRDA:56,2,1,1
BRDA:61,3,0,0
BRDA:61,3,1,1
BRDA:68,4,0,1
BRDA:68,4,1,0
BRDA:131,5,0,9
BRDA:131,5,1,2
BRDA:152,6,0,2
BRDA:152,6,1,0
BRDA:229,7,0,1
BRDA:229,7,1,0
BRF:19
BRH:14
end_of_record
